#
# There is insufficient memory for the Java Runtime Environment to continue.
# Native memory allocation (mmap) failed to map 132120576 bytes for G1 virtual space
# Possible reasons:
#   The system is out of physical RAM or swap space
#   The process is running with CompressedOops enabled, and the Java Heap may be blocking the growth of the native heap
# Possible solutions:
#   Reduce memory load on the system
#   Increase physical memory or swap space
#   Check if swap backing store is full
#   Decrease Java heap size (-Xmx/-Xms)
#   Decrease number of Java threads
#   Decrease Java thread stack sizes (-Xss)
#   Set larger code cache with -XX:ReservedCodeCacheSize=
#   JVM is running with Unscaled Compressed Oops mode in which the Java heap is
#     placed in the first 4GB address space. The Java Heap base address is the
#     maximum limit for the native heap growth. Please use -XX:HeapBaseMinAddress
#     to set the Java Heap base and to place the Java Heap above 4GB virtual address.
# This output file may be truncated or incomplete.
#
#  Out of Memory Error (os_windows.cpp:3532), pid=9444, tid=1432
#
# JRE version:  (17.0.2+8) (build )
# Java VM: Java HotSpot(TM) 64-Bit Server VM (17.0.2+8-LTS-86, mixed mode, emulated-client, sharing, tiered, compressed oops, compressed class ptrs, g1 gc, windows-amd64)
# No core dump will be written. Minidumps are not enabled by default on client versions of Windows
#

---------------  S U M M A R Y ------------

Command Line: -XX:TieredStopAtLevel=1 -Dspring.output.ansi.enabled=always -Dcom.sun.management.jmxremote -Dspring.jmx.enabled=true -Dspring.liveBeansView.mbeanDomain -Dspring.application.admin.enabled=true -javaagent:D:\IntelliJ IDEA 2022.2.4\lib\idea_rt.jar=50598:D:\IntelliJ IDEA 2022.2.4\bin -Dfile.encoding=UTF-8 com.example.Web_Application_Spring.WebApplicationSpringApplication

Host: AMD Ryzen 5 3550H with Radeon Vega Mobile Gfx  , 8 cores, 7G,  Windows 10 , 64 bit Build 19041 (10.0.19041.2251)
Time: Wed Dec  7 20:58:33 2022  Windows 10 , 64 bit Build 19041 (10.0.19041.2251) elapsed time: 0.034129 seconds (0d 0h 0m 0s)

---------------  T H R E A D  ---------------

Current thread (0x0000022d4c4f9620):  JavaThread "Unknown thread" [_thread_in_vm, id=1432, stack(0x000000573f900000,0x000000573fa00000)]

Stack: [0x000000573f900000,0x000000573fa00000]
Native frames: (J=compiled Java code, j=interpreted, Vv=VM code, C=native code)
V  [jvm.dll+0x670baa]
V  [jvm.dll+0x7cfcb4]
V  [jvm.dll+0x7d145e]
V  [jvm.dll+0x7d1ac3]
V  [jvm.dll+0x242bc5]
V  [jvm.dll+0x66dac9]
V  [jvm.dll+0x662412]
V  [jvm.dll+0x300c0b]
V  [jvm.dll+0x3081a6]
V  [jvm.dll+0x357d0e]
V  [jvm.dll+0x357f3f]
V  [jvm.dll+0x2d7ec8]
V  [jvm.dll+0x2d8e34]
V  [jvm.dll+0x7a18c1]
V  [jvm.dll+0x365a91]
V  [jvm.dll+0x780d2c]
V  [jvm.dll+0x3e845f]
V  [jvm.dll+0x3e9f01]
C  [jli.dll+0x527b]
C  [ucrtbase.dll+0x21bb2]
C  [KERNEL32.DLL+0x174b4]
C  [ntdll.dll+0x526a1]


---------------  P R O C E S S  ---------------

Threads class SMR info:
_java_thread_list=0x00007ffbd0c39858, length=0, elements={
}

Java Threads: ( => current thread )

Other Threads:
  0x0000022d4c537ce0 GCTaskThread "GC Thread#0" [stack: 0x000000573fa00000,0x000000573fb00000] [id=4044]
  0x0000022d4c54a590 ConcurrentGCThread "G1 Main Marker" [stack: 0x000000573fb00000,0x000000573fc00000] [id=9316]
  0x0000022d4c54b650 ConcurrentGCThread "G1 Conc#0" [stack: 0x000000573fc00000,0x000000573fd00000] [id=6584]

[error occurred during error reporting (printing all threads), id 0xc0000005, EXCEPTION_ACCESS_VIOLATION (0xc0000005) at pc=0x00007ffbd04888a7]

VM state: not at safepoint (not fully initialized)

VM Mutex/Monitor currently owned by a thread:  ([mutex/lock_event])
[0x0000022d4c4f44e0] Heap_lock - owner thread: 0x0000022d4c4f9620

Heap address: 0x0000000082e00000, size: 2002 MB, Compressed Oops mode: 32-bit

CDS archive(s) mapped at: [0x0000000000000000-0x0000000000000000-0x0000000000000000), size 0, SharedBaseAddress: 0x0000000800000000, ArchiveRelocationMode: 0.
Narrow klass base: 0x0000000000000000, Narrow klass shift: 0, Narrow klass range: 0x0

GC Precious Log:
<Empty>

Heap:
 garbage-first heap   total 0K, used 0K [0x0000000082e00000, 0x0000000100000000)
  region size 1024K, 0 young (0K), 0 survivors (0K)

[error occurred during error reporting (printing heap information), id 0xc0000005, EXCEPTION_ACCESS_VIOLATION (0xc0000005) at pc=0x00007ffbd0869f19]

GC Heap History (0 events):
No events

Deoptimization events (0 events):
No events

Classes unloaded (0 events):
No events

Classes redefined (0 events):
No events

Internal exceptions (0 events):
No events

VM Operations (0 events):
No events

Events (1 events):
Event: 0.021 Loaded shared library C:\Program Files\Java\jdk-17.0.2\bin\java.dll


Dynamic libraries:
0x00007ff77ec80000 - 0x00007ff77ec90000 	C:\Program Files\Java\jdk-17.0.2\bin\java.exe
0x00007ffc0dd10000 - 0x00007ffc0df08000 	C:\WINDOWS\SYSTEM32\ntdll.dll
0x00007ffc0c490000 - 0x00007ffc0c54f000 	C:\WINDOWS\System32\KERNEL32.DLL
0x00007ffc0b890000 - 0x00007ffc0bb62000 	C:\WINDOWS\System32\KERNELBASE.dll
0x00007ffc0b740000 - 0x00007ffc0b840000 	C:\WINDOWS\System32\ucrtbase.dll
0x00007ffc067f0000 - 0x00007ffc06808000 	C:\Program Files\Java\jdk-17.0.2\bin\jli.dll
0x00007ffc080d0000 - 0x00007ffc080ea000 	C:\Program Files\Java\jdk-17.0.2\bin\VCRUNTIME140.dll
0x00007ffc0cc70000 - 0x00007ffc0cd1e000 	C:\WINDOWS\System32\ADVAPI32.dll
0x00007ffc0bf80000 - 0x00007ffc0c01e000 	C:\WINDOWS\System32\msvcrt.dll
0x00007ffc0d230000 - 0x00007ffc0d2cc000 	C:\WINDOWS\System32\sechost.dll
0x00007ffc0d2d0000 - 0x00007ffc0d3f5000 	C:\WINDOWS\System32\RPCRT4.dll
0x00007ffc0c860000 - 0x00007ffc0c9fd000 	C:\WINDOWS\System32\USER32.dll
0x00007ffbf8a40000 - 0x00007ffbf8cda000 	C:\WINDOWS\WinSxS\amd64_microsoft.windows.common-controls_6595b64144ccf1df_6.0.19041.1110_none_60b5254171f9507e\COMCTL32.dll
0x00007ffc0bc90000 - 0x00007ffc0bcb2000 	C:\WINDOWS\System32\win32u.dll
0x00007ffc0bea0000 - 0x00007ffc0becb000 	C:\WINDOWS\System32\GDI32.dll
0x00007ffc0b410000 - 0x00007ffc0b51f000 	C:\WINDOWS\System32\gdi32full.dll
0x00007ffc0bcc0000 - 0x00007ffc0bd5d000 	C:\WINDOWS\System32\msvcp_win.dll
0x00007ffc03a70000 - 0x00007ffc03a7a000 	C:\WINDOWS\SYSTEM32\VERSION.dll
0x00007ffc0ca70000 - 0x00007ffc0caa2000 	C:\WINDOWS\System32\IMM32.DLL
0x00007ffc07e90000 - 0x00007ffc07e9c000 	C:\Program Files\Java\jdk-17.0.2\bin\vcruntime140_1.dll
0x00007ffbe5a80000 - 0x00007ffbe5b0d000 	C:\Program Files\Java\jdk-17.0.2\bin\msvcp140.dll
0x00007ffbd01a0000 - 0x00007ffbd0d61000 	C:\Program Files\Java\jdk-17.0.2\bin\server\jvm.dll
0x00007ffc0c760000 - 0x00007ffc0c768000 	C:\WINDOWS\System32\PSAPI.DLL
0x00007ffc01800000 - 0x00007ffc01827000 	C:\WINDOWS\SYSTEM32\WINMM.dll
0x00007ffbfb800000 - 0x00007ffbfb809000 	C:\WINDOWS\SYSTEM32\WSOCK32.dll
0x00007ffc0ca00000 - 0x00007ffc0ca6b000 	C:\WINDOWS\System32\WS2_32.dll
0x00007ffc092d0000 - 0x00007ffc092e2000 	C:\WINDOWS\SYSTEM32\kernel.appcore.dll
0x00007ffc06e20000 - 0x00007ffc06e2a000 	C:\Program Files\Java\jdk-17.0.2\bin\jimage.dll
0x00007ffc03b40000 - 0x00007ffc03d24000 	C:\WINDOWS\SYSTEM32\DBGHELP.DLL
0x00007ffbfb490000 - 0x00007ffbfb4bc000 	C:\WINDOWS\SYSTEM32\dbgcore.DLL
0x00007ffc0b520000 - 0x00007ffc0b5a2000 	C:\WINDOWS\System32\bcryptPrimitives.dll
0x00007ffc089b0000 - 0x00007ffc089be000 	C:\Program Files\Java\jdk-17.0.2\bin\instrument.dll
0x00007ffc065a0000 - 0x00007ffc065c5000 	C:\Program Files\Java\jdk-17.0.2\bin\java.dll

dbghelp: loaded successfully - version: 4.0.5 - missing functions: none
symbol engine: initialized successfully - sym options: 0x614 - pdb path: .;C:\Program Files\Java\jdk-17.0.2\bin;C:\WINDOWS\SYSTEM32;C:\WINDOWS\WinSxS\amd64_microsoft.windows.common-controls_6595b64144ccf1df_6.0.19041.1110_none_60b5254171f9507e;C:\Program Files\Java\jdk-17.0.2\bin\server

VM Arguments:
jvm_args: -XX:TieredStopAtLevel=1 -Dspring.output.ansi.enabled=always -Dcom.sun.management.jmxremote -Dspring.jmx.enabled=true -Dspring.liveBeansView.mbeanDomain -Dspring.application.admin.enabled=true -javaagent:D:\IntelliJ IDEA 2022.2.4\lib\idea_rt.jar=50598:D:\IntelliJ IDEA 2022.2.4\bin -Dfile.encoding=UTF-8 
java_command: com.example.Web_Application_Spring.WebApplicationSpringApplication
java_class_path (initial): D:\tech-pract\Web_Application_Spring\target\classes;C:\Users\Настя\.m2\repository\org\springframework\boot\spring-boot-starter-web\3.0.0\spring-boot-starter-web-3.0.0.jar;C:\Users\Настя\.m2\repository\org\springframework\boot\spring-boot-starter\3.0.0\spring-boot-starter-3.0.0.jar;C:\Users\Настя\.m2\repository\org\springframework\boot\spring-boot-starter-logging\3.0.0\spring-boot-starter-logging-3.0.0.jar;C:\Users\Настя\.m2\repository\ch\qos\logback\logback-classic\1.4.5\logback-classic-1.4.5.jar;C:\Users\Настя\.m2\repository\ch\qos\logback\logback-core\1.4.5\logback-core-1.4.5.jar;C:\Users\Настя\.m2\repository\org\apache\logging\log4j\log4j-to-slf4j\2.19.0\log4j-to-slf4j-2.19.0.jar;C:\Users\Настя\.m2\repository\org\apache\logging\log4j\log4j-api\2.19.0\log4j-api-2.19.0.jar;C:\Users\Настя\.m2\repository\org\slf4j\jul-to-slf4j\2.0.4\jul-to-slf4j-2.0.4.jar;C:\Users\Настя\.m2\repository\jakarta\annotation\jakarta.annotation-api\2.1.1\jakarta.annotation-api-2.1.1.jar;C:\Users\Настя\.m2\repository\org\yaml\snakeyaml\1.33\snakeyaml-1.33.jar;C:\Users\Настя\.m2\repository\org\springframework\boot\spring-boot-starter-json\3.0.0\spring-boot-starter-json-3.0.0.jar;C:\Users\Настя\.m2\repository\com\fasterxml\jackson\core\jackson-databind\2.14.1\jackson-databind-2.14.1.jar;C:\Users\Настя\.m2\repository\com\fasterxml\jackson\core\jackson-annotations\2.14.1\jackson-annotations-2.14.1.jar;C:\Users\Настя\.m2\repository\com\fasterxml\jackson\core\jackson-core\2.14.1\jackson-core-2.14.1.jar;C:\Users\Настя\.m2\repository\com\fasterxml\jackson\datatype\jackson-datatype-jdk8\2.14.1\jackson-datatype-jdk8-2.14.1.jar;C:\Users\Настя\.m2\repository\com\fasterxml\jackson\datatype\jackson-datatype-jsr310\2.14.1\jackson-datatype-jsr310-2.14.1.jar;C:\Users\Настя\.m2\repository\com\fasterxml\jackson\module\jackson-module-parameter-names\2.14.1\jackson-module-parameter-names-2.14.1.jar;C:\Users\Настя\.m2\repository\org\springframework\boot\spring-boot-starter-tomcat\3.0
Launcher Type: SUN_STANDARD

[Global flags]
     intx CICompilerCount                          = 4                                         {product} {ergonomic}
     uint ConcGCThreads                            = 2                                         {product} {ergonomic}
     uint G1ConcRefinementThreads                  = 8                                         {product} {ergonomic}
   size_t G1HeapRegionSize                         = 1048576                                   {product} {ergonomic}
    uintx GCDrainStackTargetSize                   = 64                                        {product} {ergonomic}
   size_t InitialHeapSize                          = 132120576                                 {product} {ergonomic}
     bool ManagementServer                         = true                                      {product} {command line}
   size_t MarkStackSize                            = 4194304                                   {product} {ergonomic}
   size_t MaxHeapSize                              = 2099249152                                {product} {ergonomic}
   size_t MinHeapDeltaBytes                        = 1048576                                   {product} {ergonomic}
   size_t MinHeapSize                              = 8388608                                   {product} {ergonomic}
    uintx NonProfiledCodeHeapSize                  = 0                                      {pd product} {ergonomic}
     bool ProfileInterpreter                       = false                                  {pd product} {command line}
    uintx ProfiledCodeHeapSize                     = 0                                      {pd product} {ergonomic}
   size_t SoftMaxHeapSize                          = 2099249152                             {manageable} {ergonomic}
     intx TieredStopAtLevel                        = 1                                         {product} {command line}
     bool UseCompressedClassPointers               = true                           {product lp64_product} {ergonomic}
     bool UseCompressedOops                        = true                           {product lp64_product} {ergonomic}
     bool UseG1GC                                  = true                                      {product} {ergonomic}
     bool UseLargePagesIndividualAllocation        = false                                  {pd product} {ergonomic}

Logging:
Log output configuration:
 #0: stdout all=warning uptime,level,tags
 #1: stderr all=off uptime,level,tags

Environment Variables:
JAVA_HOME=C:\Program Files\Java\jdk-17.0.2
PATH=C:\Program Files\Common Files\Oracle\Java\javapath;C:\Program Files\Java\jdk-17.0.2\bin;C:\WINDOWS\system32;C:\WINDOWS;C:\WINDOWS\System32\Wbem;C:\WINDOWS\System32\WindowsPowerShell\v1.0\;C:\WINDOWS\System32\OpenSSH\;C:\Program Files (x86)\Common Files\Acronis\SnapAPI\;C:\MinGW\bin;D:\Rose\common;C:\Program Files\dotnet\;C:\Program Files\Microsoft SQL Server\130\Tools\Binn\;C:\Program Files\Microsoft SQL Server\Client SDK\ODBC\170\Tools\Binn\;D:\Git\cmd;C:\Program Files (x86)\Microsoft SQL Server\150\DTS\Binn\;C:\Program Files\Azure Data Studio\bin;C:\Program Files (x86)\Microsoft SQL Server\150\Tools\Binn\;C:\Program Files\Microsoft SQL Server\150\Tools\Binn\;C:\Program Files\Microsoft SQL Server\150\DTS\Binn\;C:\Program Files\nodejs\;C:\Users\Настя\AppData\Local\Programs\Python\Python39\Scripts\;C:\Users\Настя\AppData\Local\Programs\Python\Python39\;C:\Users\Настя\AppData\Local\Microsoft\WindowsApps;;D:\PyCharm\PyCharm Community Edition 2021.1.2\bin;;C:\Users\Настя\.dotnet\tools;C:\Users\Настя\AppData\Local\Programs\Microsoft VS Code\bin;C:\Program Files\Azure Data Studio\bin;C:\Users\Настя\AppData\Roaming\npm
USERNAME=Настя
OS=Windows_NT
PROCESSOR_IDENTIFIER=AMD64 Family 23 Model 24 Stepping 1, AuthenticAMD



---------------  S Y S T E M  ---------------

OS:
 Windows 10 , 64 bit Build 19041 (10.0.19041.2251)
OS uptime: 0 days 0:57 hours

CPU: total 8 (initial active 8) (8 cores per cpu, 2 threads per core) family 23 model 24 stepping 1 microcode 0x0, cx8, cmov, fxsr, ht, mmx, 3dnowpref, sse, sse2, sse3, ssse3, sse4a, sse4.1, sse4.2, popcnt, lzcnt, tsc, tscinvbit, avx, avx2, aes, clmul, bmi1, bmi2, adx, sha, fma, vzeroupper, clflush, clflushopt

Memory: 4k page, system-wide physical 8002M (1323M free)
TotalPageFile size 10038M (AvailPageFile size 118M)
current process WorkingSet (physical memory assigned to process): 10M, peak: 10M
current process commit charge ("private bytes"): 55M, peak: 181M

vm_info: Java HotSpot(TM) 64-Bit Server VM (17.0.2+8-LTS-86) for windows-amd64 JRE (17.0.2+8-LTS-86), built on Dec  7 2021 21:51:03 by "mach5one" with MS VC++ 16.8 / 16.9 (VS2019)

END.
