#
# There is insufficient memory for the Java Runtime Environment to continue.
# Native memory allocation (mmap) failed to map 65536 bytes for Failed to commit metaspace.
# Possible reasons:
#   The system is out of physical RAM or swap space
#   The process is running with CompressedOops enabled, and the Java Heap may be blocking the growth of the native heap
# Possible solutions:
#   Reduce memory load on the system
#   Increase physical memory or swap space
#   Check if swap backing store is full
#   Decrease Java heap size (-Xmx/-Xms)
#   Decrease number of Java threads
#   Decrease Java thread stack sizes (-Xss)
#   Set larger code cache with -XX:ReservedCodeCacheSize=
#   JVM is running with Unscaled Compressed Oops mode in which the Java heap is
#     placed in the first 4GB address space. The Java Heap base address is the
#     maximum limit for the native heap growth. Please use -XX:HeapBaseMinAddress
#     to set the Java Heap base and to place the Java Heap above 4GB virtual address.
# This output file may be truncated or incomplete.
#
#  Out of Memory Error (virtualSpaceNode.cpp:110), pid=8184, tid=4008
#
# JRE version: Java(TM) SE Runtime Environment (17.0.2+8) (build 17.0.2+8-LTS-86)
# Java VM: Java HotSpot(TM) 64-Bit Server VM (17.0.2+8-LTS-86, mixed mode, emulated-client, sharing, tiered, compressed oops, compressed class ptrs, g1 gc, windows-amd64)
# No core dump will be written. Minidumps are not enabled by default on client versions of Windows
#

---------------  S U M M A R Y ------------

Command Line: -agentlib:jdwp=transport=dt_socket,address=127.0.0.1:50469,suspend=y,server=n -XX:TieredStopAtLevel=1 -Dspring.output.ansi.enabled=always -Dcom.sun.management.jmxremote -Dspring.jmx.enabled=true -Dspring.liveBeansView.mbeanDomain -Dspring.application.admin.enabled=true -javaagent:C:\Users\Настя\AppData\Local\JetBrains\IntelliJIdea2022.2\captureAgent\debugger-agent.jar -Dfile.encoding=UTF-8 com.example.Web_Application_Spring.WebApplicationSpringApplication

Host: AMD Ryzen 5 3550H with Radeon Vega Mobile Gfx  , 8 cores, 7G,  Windows 10 , 64 bit Build 19041 (10.0.19041.2251)
Time: Wed Dec  7 15:22:12 2022  Windows 10 , 64 bit Build 19041 (10.0.19041.2251) elapsed time: 4.583537 seconds (0d 0h 0m 4s)

---------------  T H R E A D  ---------------

Current thread (0x0000025bd2d89fb0):  JavaThread "restartedMain" [_thread_in_vm, id=4008, stack(0x00000061bd800000,0x00000061bd900000)]

Stack: [0x00000061bd800000,0x00000061bd900000]
Native frames: (J=compiled Java code, j=interpreted, Vv=VM code, C=native code)
V  [jvm.dll+0x670baa]
V  [jvm.dll+0x7cfcb4]
V  [jvm.dll+0x7d145e]
V  [jvm.dll+0x7d1ac3]
V  [jvm.dll+0x242bc5]
V  [jvm.dll+0x7cbc5b]
V  [jvm.dll+0x616966]
V  [jvm.dll+0x1be3ee]
V  [jvm.dll+0x6192a1]
V  [jvm.dll+0x617306]
V  [jvm.dll+0x621057]
V  [jvm.dll+0x1e7e2b]
V  [jvm.dll+0x1e8365]
V  [jvm.dll+0x1e8d9f]
V  [jvm.dll+0x1de251]
V  [jvm.dll+0x537c30]
V  [jvm.dll+0x74ad28]
V  [jvm.dll+0x74ae14]
V  [jvm.dll+0x408cc5]
V  [jvm.dll+0x40ed18]
C  [java.dll+0x17ec]

Java frames: (J=compiled Java code, j=interpreted, Vv=VM code)
J 1108  java.lang.ClassLoader.defineClass1(Ljava/lang/ClassLoader;Ljava/lang/String;[BIILjava/security/ProtectionDomain;Ljava/lang/String;)Ljava/lang/Class; java.base@17.0.2 (0 bytes) @ 0x0000025bc7731ee3 [0x0000025bc7731e20+0x00000000000000c3]
J 1299 c1 java.lang.ClassLoader.defineClass(Ljava/lang/String;[BIILjava/security/ProtectionDomain;)Ljava/lang/Class; java.base@17.0.2 (43 bytes) @ 0x0000025bc777be94 [0x0000025bc777bd60+0x0000000000000134]
J 1122 c1 jdk.internal.loader.BuiltinClassLoader.defineClass(Ljava/lang/String;Ljdk/internal/loader/Resource;)Ljava/lang/Class; java.base@17.0.2 (121 bytes) @ 0x0000025bc773bc1c [0x0000025bc773b720+0x00000000000004fc]
J 1106 c1 jdk.internal.loader.BuiltinClassLoader.findClassOnClassPathOrNull(Ljava/lang/String;)Ljava/lang/Class; java.base@17.0.2 (64 bytes) @ 0x0000025bc7733194 [0x0000025bc7732ea0+0x00000000000002f4]
J 997 c1 jdk.internal.loader.BuiltinClassLoader.loadClassOrNull(Ljava/lang/String;Z)Ljava/lang/Class; java.base@17.0.2 (143 bytes) @ 0x0000025bc7703c34 [0x0000025bc7703780+0x00000000000004b4]
J 1011 c1 jdk.internal.loader.ClassLoaders$AppClassLoader.loadClass(Ljava/lang/String;Z)Ljava/lang/Class; java.base@17.0.2 (40 bytes) @ 0x0000025bc7706db4 [0x0000025bc7706c80+0x0000000000000134]
J 1010 c1 java.lang.ClassLoader.loadClass(Ljava/lang/String;)Ljava/lang/Class; java.base@17.0.2 (7 bytes) @ 0x0000025bc770697c [0x0000025bc7706920+0x000000000000005c]
v  ~StubRoutines::call_stub
J 932  java.lang.Class.forName0(Ljava/lang/String;ZLjava/lang/ClassLoader;Ljava/lang/Class;)Ljava/lang/Class; java.base@17.0.2 (0 bytes) @ 0x0000025bc76e032f [0x0000025bc76e02a0+0x000000000000008f]
J 933 c1 java.lang.Class.forName(Ljava/lang/String;ZLjava/lang/ClassLoader;)Ljava/lang/Class; java.base@17.0.2 (47 bytes) @ 0x0000025bc76e08d4 [0x0000025bc76e07c0+0x0000000000000114]
j  org.springframework.boot.devtools.restart.classloader.RestartClassLoader.loadClass(Ljava/lang/String;Z)Ljava/lang/Class;+90
J 1010 c1 java.lang.ClassLoader.loadClass(Ljava/lang/String;)Ljava/lang/Class; java.base@17.0.2 (7 bytes) @ 0x0000025bc770697c [0x0000025bc7706920+0x000000000000005c]
v  ~StubRoutines::call_stub
J 932  java.lang.Class.forName0(Ljava/lang/String;ZLjava/lang/ClassLoader;Ljava/lang/Class;)Ljava/lang/Class; java.base@17.0.2 (0 bytes) @ 0x0000025bc76e032f [0x0000025bc76e02a0+0x000000000000008f]
J 933 c1 java.lang.Class.forName(Ljava/lang/String;ZLjava/lang/ClassLoader;)Ljava/lang/Class; java.base@17.0.2 (47 bytes) @ 0x0000025bc76e08d4 [0x0000025bc76e07c0+0x0000000000000114]
j  org.springframework.boot.autoconfigure.condition.FilteringSpringBootCondition.resolve(Ljava/lang/String;Ljava/lang/ClassLoader;)Ljava/lang/Class;+7
j  org.springframework.boot.autoconfigure.condition.FilteringSpringBootCondition$ClassNameFilter.isPresent(Ljava/lang/String;Ljava/lang/ClassLoader;)Z+10
j  org.springframework.boot.autoconfigure.condition.FilteringSpringBootCondition$ClassNameFilter$2.matches(Ljava/lang/String;Ljava/lang/ClassLoader;)Z+2
j  org.springframework.boot.autoconfigure.condition.OnClassCondition$StandardOutcomesResolver.getOutcome(Ljava/lang/String;Ljava/lang/ClassLoader;)Lorg/springframework/boot/autoconfigure/condition/ConditionOutcome;+5
j  org.springframework.boot.autoconfigure.condition.OnClassCondition$StandardOutcomesResolver.getOutcome(Ljava/lang/String;)Lorg/springframework/boot/autoconfigure/condition/ConditionOutcome;+15
j  org.springframework.boot.autoconfigure.condition.OnClassCondition$StandardOutcomesResolver.getOutcomes([Ljava/lang/String;IILorg/springframework/boot/autoconfigure/AutoConfigurationMetadata;)[Lorg/springframework/boot/autoconfigure/condition/ConditionOutcome;+55
j  org.springframework.boot.autoconfigure.condition.OnClassCondition$StandardOutcomesResolver.resolveOutcomes()[Lorg/springframework/boot/autoconfigure/condition/ConditionOutcome;+17
j  org.springframework.boot.autoconfigure.condition.OnClassCondition.resolveOutcomesThreaded([Ljava/lang/String;Lorg/springframework/boot/autoconfigure/AutoConfigurationMetadata;)[Lorg/springframework/boot/autoconfigure/condition/ConditionOutcome;+35
j  org.springframework.boot.autoconfigure.condition.OnClassCondition.getOutcomes([Ljava/lang/String;Lorg/springframework/boot/autoconfigure/AutoConfigurationMetadata;)[Lorg/springframework/boot/autoconfigure/condition/ConditionOutcome;+19
j  org.springframework.boot.autoconfigure.condition.FilteringSpringBootCondition.match([Ljava/lang/String;Lorg/springframework/boot/autoconfigure/AutoConfigurationMetadata;)[Z+11
j  org.springframework.boot.autoconfigure.AutoConfigurationImportSelector$ConfigurationClassFilter.filter(Ljava/util/List;)Ljava/util/List;+54
j  org.springframework.boot.autoconfigure.AutoConfigurationImportSelector.getAutoConfigurationEntry(Lorg/springframework/core/type/AnnotationMetadata;)Lorg/springframework/boot/autoconfigure/AutoConfigurationImportSelector$AutoConfigurationEntry;+60
j  org.springframework.boot.autoconfigure.AutoConfigurationImportSelector$AutoConfigurationGroup.process(Lorg/springframework/core/type/AnnotationMetadata;Lorg/springframework/context/annotation/DeferredImportSelector;)V+18
j  org.springframework.context.annotation.ConfigurationClassParser$DeferredImportSelectorGrouping.getImports()Ljava/lang/Iterable;+44
j  org.springframework.context.annotation.ConfigurationClassParser$DeferredImportSelectorGroupingHandler.processGroupImports()V+40
j  org.springframework.context.annotation.ConfigurationClassParser$DeferredImportSelectorHandler.process()V+53
j  org.springframework.context.annotation.ConfigurationClassParser.parse(Ljava/util/Set;)V+153
j  org.springframework.context.annotation.ConfigurationClassPostProcessor.processConfigBeanDefinitions(Lorg/springframework/beans/factory/support/BeanDefinitionRegistry;)V+297
j  org.springframework.context.annotation.ConfigurationClassPostProcessor.postProcessBeanDefinitionRegistry(Lorg/springframework/beans/factory/support/BeanDefinitionRegistry;)V+81
j  org.springframework.context.support.PostProcessorRegistrationDelegate.invokeBeanDefinitionRegistryPostProcessors(Ljava/util/Collection;Lorg/springframework/beans/factory/support/BeanDefinitionRegistry;Lorg/springframework/core/metrics/ApplicationStartup;)V+59
j  org.springframework.context.support.PostProcessorRegistrationDelegate.invokeBeanFactoryPostProcessors(Lorg/springframework/beans/factory/config/ConfigurableListableBeanFactory;Ljava/util/List;)V+238
j  org.springframework.context.support.AbstractApplicationContext.invokeBeanFactoryPostProcessors(Lorg/springframework/beans/factory/config/ConfigurableListableBeanFactory;)V+5
j  org.springframework.context.support.AbstractApplicationContext.refresh()V+53
j  org.springframework.boot.web.servlet.context.ServletWebServerApplicationContext.refresh()V+1
j  org.springframework.boot.SpringApplication.refresh(Lorg/springframework/context/ConfigurableApplicationContext;)V+1
j  org.springframework.boot.SpringApplication.refreshContext(Lorg/springframework/context/ConfigurableApplicationContext;)V+16
j  org.springframework.boot.SpringApplication.run([Ljava/lang/String;)Lorg/springframework/context/ConfigurableApplicationContext;+101
j  org.springframework.boot.SpringApplication.run([Ljava/lang/Class;[Ljava/lang/String;)Lorg/springframework/context/ConfigurableApplicationContext;+9
j  org.springframework.boot.SpringApplication.run(Ljava/lang/Class;[Ljava/lang/String;)Lorg/springframework/context/ConfigurableApplicationContext;+9
j  com.example.Web_Application_Spring.WebApplicationSpringApplication.main([Ljava/lang/String;)V+3
v  ~StubRoutines::call_stub
j  jdk.internal.reflect.NativeMethodAccessorImpl.invoke0(Ljava/lang/reflect/Method;Ljava/lang/Object;[Ljava/lang/Object;)Ljava/lang/Object;+0 java.base@17.0.2
j  jdk.internal.reflect.NativeMethodAccessorImpl.invoke(Ljava/lang/Object;[Ljava/lang/Object;)Ljava/lang/Object;+133 java.base@17.0.2
j  jdk.internal.reflect.DelegatingMethodAccessorImpl.invoke(Ljava/lang/Object;[Ljava/lang/Object;)Ljava/lang/Object;+6 java.base@17.0.2
j  java.lang.reflect.Method.invoke(Ljava/lang/Object;[Ljava/lang/Object;)Ljava/lang/Object;+59 java.base@17.0.2
j  org.springframework.boot.devtools.restart.RestartLauncher.run()V+42
v  ~StubRoutines::call_stub

---------------  P R O C E S S  ---------------

Threads class SMR info:
_java_thread_list=0x0000025bd2cc6dc0, length=23, elements={
0x0000025bbfb8cab0, 0x0000025bd19d48a0, 0x0000025bd19d5710, 0x0000025bd19eecf0,
0x0000025bd19ef6a0, 0x0000025bd19f0860, 0x0000025bd19fcc20, 0x0000025bd19fd5d0,
0x0000025bd1a06fe0, 0x0000025bd1a7e750, 0x0000025bd19c2670, 0x0000025bd24eac90,
0x0000025bd24ee540, 0x0000025bd24f2e50, 0x0000025bd2524ac0, 0x0000025bd299d0e0,
0x0000025bd2d89ae0, 0x0000025bd2d89fb0, 0x0000025bd2df46c0, 0x0000025bd2e30ac0,
0x0000025bd2f86d10, 0x0000025bd4100310, 0x0000025bd416da40
}

Java Threads: ( => current thread )
  0x0000025bbfb8cab0 JavaThread "main" [_thread_blocked, id=8592, stack(0x00000061bb800000,0x00000061bb900000)]
  0x0000025bd19d48a0 JavaThread "Reference Handler" daemon [_thread_blocked, id=3760, stack(0x00000061bbf00000,0x00000061bc000000)]
  0x0000025bd19d5710 JavaThread "Finalizer" daemon [_thread_blocked, id=2332, stack(0x00000061bc000000,0x00000061bc100000)]
  0x0000025bd19eecf0 JavaThread "Signal Dispatcher" daemon [_thread_blocked, id=4060, stack(0x00000061bc100000,0x00000061bc200000)]
  0x0000025bd19ef6a0 JavaThread "Attach Listener" daemon [_thread_blocked, id=4368, stack(0x00000061bc200000,0x00000061bc300000)]
  0x0000025bd19f0860 JavaThread "Service Thread" daemon [_thread_blocked, id=13048, stack(0x00000061bc300000,0x00000061bc400000)]
  0x0000025bd19fcc20 JavaThread "Monitor Deflation Thread" daemon [_thread_blocked, id=10752, stack(0x00000061bc400000,0x00000061bc500000)]
  0x0000025bd19fd5d0 JavaThread "C1 CompilerThread0" daemon [_thread_blocked, id=10956, stack(0x00000061bc500000,0x00000061bc600000)]
  0x0000025bd1a06fe0 JavaThread "Sweeper thread" daemon [_thread_blocked, id=1828, stack(0x00000061bc600000,0x00000061bc700000)]
  0x0000025bd1a7e750 JavaThread "Common-Cleaner" daemon [_thread_blocked, id=2480, stack(0x00000061bc700000,0x00000061bc800000)]
  0x0000025bd19c2670 JavaThread "C1 CompilerThread1" daemon [_thread_blocked, id=8420, stack(0x00000061bc800000,0x00000061bc900000)]
  0x0000025bd24eac90 JavaThread "JDWP Transport Listener: dt_socket" daemon [_thread_blocked, id=4408, stack(0x00000061bc900000,0x00000061bca00000)]
  0x0000025bd24ee540 JavaThread "JDWP Event Helper Thread" daemon [_thread_blocked, id=2904, stack(0x00000061bca00000,0x00000061bcb00000)]
  0x0000025bd24f2e50 JavaThread "JDWP Command Reader" daemon [_thread_in_native, id=3924, stack(0x00000061bcb00000,0x00000061bcc00000)]
  0x0000025bd2524ac0 JavaThread "Notification Thread" daemon [_thread_blocked, id=11364, stack(0x00000061bcc00000,0x00000061bcd00000)]
  0x0000025bd299d0e0 JavaThread "RMI TCP Accept-0" daemon [_thread_in_native, id=6844, stack(0x00000061bcd00000,0x00000061bce00000)]
  0x0000025bd2d89ae0 JavaThread "Thread-0" [_thread_blocked, id=4196, stack(0x00000061bd700000,0x00000061bd800000)]
=>0x0000025bd2d89fb0 JavaThread "restartedMain" [_thread_in_vm, id=4008, stack(0x00000061bd800000,0x00000061bd900000)]
  0x0000025bd2df46c0 JavaThread "RMI TCP Connection(1)-192.168.99.202" daemon [_thread_in_native, id=7616, stack(0x00000061bd900000,0x00000061bda00000)]
  0x0000025bd2e30ac0 JavaThread "RMI Scheduler(0)" daemon [_thread_blocked, id=10064, stack(0x00000061bda00000,0x00000061bdb00000)]
  0x0000025bd2f86d10 JavaThread "C1 CompilerThread2" daemon [_thread_blocked, id=4216, stack(0x00000061bdc00000,0x00000061bdd00000)]
  0x0000025bd4100310 JavaThread "C1 CompilerThread3" daemon [_thread_blocked, id=12160, stack(0x00000061bdd00000,0x00000061bde00000)]
  0x0000025bd416da40 JavaThread "Thread-3" [_thread_blocked, id=11488, stack(0x00000061bdb00000,0x00000061bdc00000)]

Other Threads:
  0x0000025bd19cdc90 VMThread "VM Thread" [stack: 0x00000061bbe00000,0x00000061bbf00000] [id=2196]
  0x0000025bbfbe4b90 WatcherThread [stack: 0x00000061bce00000,0x00000061bcf00000] [id=6360]
  0x0000025bbfbcbc40 GCTaskThread "GC Thread#0" [stack: 0x00000061bb900000,0x00000061bba00000] [id=8424]
  0x0000025bd2ce9be0 GCTaskThread "GC Thread#1" [stack: 0x00000061bcf00000,0x00000061bd000000] [id=8576]
  0x0000025bd2c839d0 GCTaskThread "GC Thread#2" [stack: 0x00000061bd000000,0x00000061bd100000] [id=10348]
  0x0000025bd2d3bb10 GCTaskThread "GC Thread#3" [stack: 0x00000061bd100000,0x00000061bd200000] [id=12428]
  0x0000025bd2d3c1d0 GCTaskThread "GC Thread#4" [stack: 0x00000061bd200000,0x00000061bd300000] [id=9040]
  0x0000025bd2d3c480 GCTaskThread "GC Thread#5" [stack: 0x00000061bd300000,0x00000061bd400000] [id=10344]
  0x0000025bd2d3e740 GCTaskThread "GC Thread#6" [stack: 0x00000061bd400000,0x00000061bd500000] [id=11492]
  0x0000025bd2d3e9f0 GCTaskThread "GC Thread#7" [stack: 0x00000061bd500000,0x00000061bd600000] [id=4908]
  0x0000025bbfbdc5c0 ConcurrentGCThread "G1 Main Marker" [stack: 0x00000061bba00000,0x00000061bbb00000] [id=3180]
  0x0000025bbfbdd770 ConcurrentGCThread "G1 Conc#0" [stack: 0x00000061bbb00000,0x00000061bbc00000] [id=5100]
  0x0000025bbfc57790 ConcurrentGCThread "G1 Refine#0" [stack: 0x00000061bbc00000,0x00000061bbd00000] [id=7192]
  0x0000025bd254c440 ConcurrentGCThread "G1 Refine#1" [stack: 0x00000061bd600000,0x00000061bd700000] [id=248]
  0x0000025bbfc581b0 ConcurrentGCThread "G1 Service" [stack: 0x00000061bbd00000,0x00000061bbe00000] [id=9512]

Threads with active compile tasks:

VM state: not at safepoint (normal execution)

VM Mutex/Monitor currently owned by a thread:  ([mutex/lock_event])
[0x0000025bbfb87450] Metaspace_lock - owner thread: 0x0000025bd2d89fb0

Heap address: 0x0000000082e00000, size: 2002 MB, Compressed Oops mode: 32-bit

CDS archive(s) mapped at: [0x0000000800000000-0x0000000800bc0000-0x0000000800bc0000), size 12320768, SharedBaseAddress: 0x0000000800000000, ArchiveRelocationMode: 0.
Compressed class space mapped at: 0x0000000800c00000-0x0000000840c00000, reserved size: 1073741824
Narrow klass base: 0x0000000800000000, Narrow klass shift: 0, Narrow klass range: 0x100000000

GC Precious Log:
 CPUs: 8 total, 8 available
 Memory: 8002M
 Large Page Support: Disabled
 NUMA Support: Disabled
 Compressed Oops: Enabled (32-bit)
 Heap Region Size: 1M
 Heap Min Capacity: 8M
 Heap Initial Capacity: 126M
 Heap Max Capacity: 2002M
 Pre-touch: Disabled
 Parallel Workers: 8
 Concurrent Workers: 2
 Concurrent Refinement Workers: 8
 Periodic GC: Disabled

Heap:
 garbage-first heap   total 129024K, used 43269K [0x0000000082e00000, 0x0000000100000000)
  region size 1024K, 39 young (39936K), 2 survivors (2048K)
 Metaspace       used 17822K, committed 18112K, reserved 1064960K
  class space    used 2341K, committed 2496K, reserved 1048576K

Heap Regions: E=young(eden), S=young(survivor), O=old, HS=humongous(starts), HC=humongous(continues), CS=collection set, F=free, OA=open archive, CA=closed archive, TAMS=top-at-mark-start (previous, next)
|   0|0x0000000082e00000, 0x0000000082f00000, 0x0000000082f00000|100%| O|  |TAMS 0x0000000082e00000, 0x0000000082e00000| Untracked 
|   1|0x0000000082f00000, 0x0000000083000000, 0x0000000083000000|100%| O|  |TAMS 0x0000000082f00000, 0x0000000082f00000| Untracked 
|   2|0x0000000083000000, 0x0000000083100000, 0x0000000083100000|100%| O|  |TAMS 0x0000000083000000, 0x0000000083000000| Untracked 
|   3|0x0000000083100000, 0x0000000083200000, 0x0000000083200000|100%| O|  |TAMS 0x0000000083100000, 0x0000000083100000| Untracked 
|   4|0x0000000083200000, 0x0000000083300000, 0x0000000083300000|100%| O|  |TAMS 0x0000000083200000, 0x0000000083200000| Untracked 
|   5|0x0000000083300000, 0x0000000083352e00, 0x0000000083400000| 32%| O|  |TAMS 0x0000000083300000, 0x0000000083300000| Untracked 
|   6|0x0000000083400000, 0x0000000083400000, 0x0000000083500000|  0%| F|  |TAMS 0x0000000083400000, 0x0000000083400000| Untracked 
|   7|0x0000000083500000, 0x0000000083500000, 0x0000000083600000|  0%| F|  |TAMS 0x0000000083500000, 0x0000000083500000| Untracked 
|   8|0x0000000083600000, 0x0000000083600000, 0x0000000083700000|  0%| F|  |TAMS 0x0000000083600000, 0x0000000083600000| Untracked 
|   9|0x0000000083700000, 0x0000000083700000, 0x0000000083800000|  0%| F|  |TAMS 0x0000000083700000, 0x0000000083700000| Untracked 
|  10|0x0000000083800000, 0x0000000083800000, 0x0000000083900000|  0%| F|  |TAMS 0x0000000083800000, 0x0000000083800000| Untracked 
|  11|0x0000000083900000, 0x0000000083900000, 0x0000000083a00000|  0%| F|  |TAMS 0x0000000083900000, 0x0000000083900000| Untracked 
|  12|0x0000000083a00000, 0x0000000083a00000, 0x0000000083b00000|  0%| F|  |TAMS 0x0000000083a00000, 0x0000000083a00000| Untracked 
|  13|0x0000000083b00000, 0x0000000083b00000, 0x0000000083c00000|  0%| F|  |TAMS 0x0000000083b00000, 0x0000000083b00000| Untracked 
|  14|0x0000000083c00000, 0x0000000083c00000, 0x0000000083d00000|  0%| F|  |TAMS 0x0000000083c00000, 0x0000000083c00000| Untracked 
|  15|0x0000000083d00000, 0x0000000083d00000, 0x0000000083e00000|  0%| F|  |TAMS 0x0000000083d00000, 0x0000000083d00000| Untracked 
|  16|0x0000000083e00000, 0x0000000083e00000, 0x0000000083f00000|  0%| F|  |TAMS 0x0000000083e00000, 0x0000000083e00000| Untracked 
|  17|0x0000000083f00000, 0x0000000083f00000, 0x0000000084000000|  0%| F|  |TAMS 0x0000000083f00000, 0x0000000083f00000| Untracked 
|  18|0x0000000084000000, 0x0000000084000000, 0x0000000084100000|  0%| F|  |TAMS 0x0000000084000000, 0x0000000084000000| Untracked 
|  19|0x0000000084100000, 0x0000000084100000, 0x0000000084200000|  0%| F|  |TAMS 0x0000000084100000, 0x0000000084100000| Untracked 
|  20|0x0000000084200000, 0x0000000084200000, 0x0000000084300000|  0%| F|  |TAMS 0x0000000084200000, 0x0000000084200000| Untracked 
|  21|0x0000000084300000, 0x0000000084300000, 0x0000000084400000|  0%| F|  |TAMS 0x0000000084300000, 0x0000000084300000| Untracked 
|  22|0x0000000084400000, 0x0000000084400000, 0x0000000084500000|  0%| F|  |TAMS 0x0000000084400000, 0x0000000084400000| Untracked 
|  23|0x0000000084500000, 0x0000000084500000, 0x0000000084600000|  0%| F|  |TAMS 0x0000000084500000, 0x0000000084500000| Untracked 
|  24|0x0000000084600000, 0x0000000084600000, 0x0000000084700000|  0%| F|  |TAMS 0x0000000084600000, 0x0000000084600000| Untracked 
|  25|0x0000000084700000, 0x0000000084700000, 0x0000000084800000|  0%| F|  |TAMS 0x0000000084700000, 0x0000000084700000| Untracked 
|  26|0x0000000084800000, 0x0000000084800000, 0x0000000084900000|  0%| F|  |TAMS 0x0000000084800000, 0x0000000084800000| Untracked 
|  27|0x0000000084900000, 0x0000000084900000, 0x0000000084a00000|  0%| F|  |TAMS 0x0000000084900000, 0x0000000084900000| Untracked 
|  28|0x0000000084a00000, 0x0000000084a00000, 0x0000000084b00000|  0%| F|  |TAMS 0x0000000084a00000, 0x0000000084a00000| Untracked 
|  29|0x0000000084b00000, 0x0000000084b00000, 0x0000000084c00000|  0%| F|  |TAMS 0x0000000084b00000, 0x0000000084b00000| Untracked 
|  30|0x0000000084c00000, 0x0000000084c00000, 0x0000000084d00000|  0%| F|  |TAMS 0x0000000084c00000, 0x0000000084c00000| Untracked 
|  31|0x0000000084d00000, 0x0000000084d00000, 0x0000000084e00000|  0%| F|  |TAMS 0x0000000084d00000, 0x0000000084d00000| Untracked 
|  32|0x0000000084e00000, 0x0000000084e00000, 0x0000000084f00000|  0%| F|  |TAMS 0x0000000084e00000, 0x0000000084e00000| Untracked 
|  33|0x0000000084f00000, 0x0000000084f00000, 0x0000000085000000|  0%| F|  |TAMS 0x0000000084f00000, 0x0000000084f00000| Untracked 
|  34|0x0000000085000000, 0x0000000085000000, 0x0000000085100000|  0%| F|  |TAMS 0x0000000085000000, 0x0000000085000000| Untracked 
|  35|0x0000000085100000, 0x0000000085100000, 0x0000000085200000|  0%| F|  |TAMS 0x0000000085100000, 0x0000000085100000| Untracked 
|  36|0x0000000085200000, 0x0000000085200000, 0x0000000085300000|  0%| F|  |TAMS 0x0000000085200000, 0x0000000085200000| Untracked 
|  37|0x0000000085300000, 0x0000000085300000, 0x0000000085400000|  0%| F|  |TAMS 0x0000000085300000, 0x0000000085300000| Untracked 
|  38|0x0000000085400000, 0x0000000085400000, 0x0000000085500000|  0%| F|  |TAMS 0x0000000085400000, 0x0000000085400000| Untracked 
|  39|0x0000000085500000, 0x0000000085500000, 0x0000000085600000|  0%| F|  |TAMS 0x0000000085500000, 0x0000000085500000| Untracked 
|  40|0x0000000085600000, 0x0000000085600000, 0x0000000085700000|  0%| F|  |TAMS 0x0000000085600000, 0x0000000085600000| Untracked 
|  41|0x0000000085700000, 0x0000000085700000, 0x0000000085800000|  0%| F|  |TAMS 0x0000000085700000, 0x0000000085700000| Untracked 
|  42|0x0000000085800000, 0x0000000085800000, 0x0000000085900000|  0%| F|  |TAMS 0x0000000085800000, 0x0000000085800000| Untracked 
|  43|0x0000000085900000, 0x0000000085900000, 0x0000000085a00000|  0%| F|  |TAMS 0x0000000085900000, 0x0000000085900000| Untracked 
|  44|0x0000000085a00000, 0x0000000085a00000, 0x0000000085b00000|  0%| F|  |TAMS 0x0000000085a00000, 0x0000000085a00000| Untracked 
|  45|0x0000000085b00000, 0x0000000085b00000, 0x0000000085c00000|  0%| F|  |TAMS 0x0000000085b00000, 0x0000000085b00000| Untracked 
|  46|0x0000000085c00000, 0x0000000085c00000, 0x0000000085d00000|  0%| F|  |TAMS 0x0000000085c00000, 0x0000000085c00000| Untracked 
|  47|0x0000000085d00000, 0x0000000085d00000, 0x0000000085e00000|  0%| F|  |TAMS 0x0000000085d00000, 0x0000000085d00000| Untracked 
|  48|0x0000000085e00000, 0x0000000085e00000, 0x0000000085f00000|  0%| F|  |TAMS 0x0000000085e00000, 0x0000000085e00000| Untracked 
|  49|0x0000000085f00000, 0x0000000085f00000, 0x0000000086000000|  0%| F|  |TAMS 0x0000000085f00000, 0x0000000085f00000| Untracked 
|  50|0x0000000086000000, 0x0000000086000000, 0x0000000086100000|  0%| F|  |TAMS 0x0000000086000000, 0x0000000086000000| Untracked 
|  51|0x0000000086100000, 0x0000000086100000, 0x0000000086200000|  0%| F|  |TAMS 0x0000000086100000, 0x0000000086100000| Untracked 
|  52|0x0000000086200000, 0x0000000086200000, 0x0000000086300000|  0%| F|  |TAMS 0x0000000086200000, 0x0000000086200000| Untracked 
|  53|0x0000000086300000, 0x0000000086300000, 0x0000000086400000|  0%| F|  |TAMS 0x0000000086300000, 0x0000000086300000| Untracked 
|  54|0x0000000086400000, 0x0000000086400000, 0x0000000086500000|  0%| F|  |TAMS 0x0000000086400000, 0x0000000086400000| Untracked 
|  55|0x0000000086500000, 0x0000000086500000, 0x0000000086600000|  0%| F|  |TAMS 0x0000000086500000, 0x0000000086500000| Untracked 
|  56|0x0000000086600000, 0x0000000086600000, 0x0000000086700000|  0%| F|  |TAMS 0x0000000086600000, 0x0000000086600000| Untracked 
|  57|0x0000000086700000, 0x0000000086700000, 0x0000000086800000|  0%| F|  |TAMS 0x0000000086700000, 0x0000000086700000| Untracked 
|  58|0x0000000086800000, 0x0000000086800000, 0x0000000086900000|  0%| F|  |TAMS 0x0000000086800000, 0x0000000086800000| Untracked 
|  59|0x0000000086900000, 0x0000000086900000, 0x0000000086a00000|  0%| F|  |TAMS 0x0000000086900000, 0x0000000086900000| Untracked 
|  60|0x0000000086a00000, 0x0000000086a00000, 0x0000000086b00000|  0%| F|  |TAMS 0x0000000086a00000, 0x0000000086a00000| Untracked 
|  61|0x0000000086b00000, 0x0000000086b00000, 0x0000000086c00000|  0%| F|  |TAMS 0x0000000086b00000, 0x0000000086b00000| Untracked 
|  62|0x0000000086c00000, 0x0000000086c00000, 0x0000000086d00000|  0%| F|  |TAMS 0x0000000086c00000, 0x0000000086c00000| Untracked 
|  63|0x0000000086d00000, 0x0000000086d00000, 0x0000000086e00000|  0%| F|  |TAMS 0x0000000086d00000, 0x0000000086d00000| Untracked 
|  64|0x0000000086e00000, 0x0000000086e00000, 0x0000000086f00000|  0%| F|  |TAMS 0x0000000086e00000, 0x0000000086e00000| Untracked 
|  65|0x0000000086f00000, 0x0000000086f00000, 0x0000000087000000|  0%| F|  |TAMS 0x0000000086f00000, 0x0000000086f00000| Untracked 
|  66|0x0000000087000000, 0x0000000087000000, 0x0000000087100000|  0%| F|  |TAMS 0x0000000087000000, 0x0000000087000000| Untracked 
|  67|0x0000000087100000, 0x0000000087100000, 0x0000000087200000|  0%| F|  |TAMS 0x0000000087100000, 0x0000000087100000| Untracked 
|  68|0x0000000087200000, 0x0000000087200000, 0x0000000087300000|  0%| F|  |TAMS 0x0000000087200000, 0x0000000087200000| Untracked 
|  69|0x0000000087300000, 0x0000000087300000, 0x0000000087400000|  0%| F|  |TAMS 0x0000000087300000, 0x0000000087300000| Untracked 
|  70|0x0000000087400000, 0x0000000087400000, 0x0000000087500000|  0%| F|  |TAMS 0x0000000087400000, 0x0000000087400000| Untracked 
|  71|0x0000000087500000, 0x0000000087500000, 0x0000000087600000|  0%| F|  |TAMS 0x0000000087500000, 0x0000000087500000| Untracked 
|  72|0x0000000087600000, 0x0000000087600000, 0x0000000087700000|  0%| F|  |TAMS 0x0000000087600000, 0x0000000087600000| Untracked 
|  73|0x0000000087700000, 0x0000000087700000, 0x0000000087800000|  0%| F|  |TAMS 0x0000000087700000, 0x0000000087700000| Untracked 
|  74|0x0000000087800000, 0x0000000087800000, 0x0000000087900000|  0%| F|  |TAMS 0x0000000087800000, 0x0000000087800000| Untracked 
|  75|0x0000000087900000, 0x0000000087900000, 0x0000000087a00000|  0%| F|  |TAMS 0x0000000087900000, 0x0000000087900000| Untracked 
|  76|0x0000000087a00000, 0x0000000087a00000, 0x0000000087b00000|  0%| F|  |TAMS 0x0000000087a00000, 0x0000000087a00000| Untracked 
|  77|0x0000000087b00000, 0x0000000087b00000, 0x0000000087c00000|  0%| F|  |TAMS 0x0000000087b00000, 0x0000000087b00000| Untracked 
|  78|0x0000000087c00000, 0x0000000087c00000, 0x0000000087d00000|  0%| F|  |TAMS 0x0000000087c00000, 0x0000000087c00000| Untracked 
|  79|0x0000000087d00000, 0x0000000087d00000, 0x0000000087e00000|  0%| F|  |TAMS 0x0000000087d00000, 0x0000000087d00000| Untracked 
|  80|0x0000000087e00000, 0x0000000087e00000, 0x0000000087f00000|  0%| F|  |TAMS 0x0000000087e00000, 0x0000000087e00000| Untracked 
|  81|0x0000000087f00000, 0x0000000087f00000, 0x0000000088000000|  0%| F|  |TAMS 0x0000000087f00000, 0x0000000087f00000| Untracked 
|  82|0x0000000088000000, 0x0000000088000000, 0x0000000088100000|  0%| F|  |TAMS 0x0000000088000000, 0x0000000088000000| Untracked 
|  83|0x0000000088100000, 0x0000000088100000, 0x0000000088200000|  0%| F|  |TAMS 0x0000000088100000, 0x0000000088100000| Untracked 
|  84|0x0000000088200000, 0x0000000088200000, 0x0000000088300000|  0%| F|  |TAMS 0x0000000088200000, 0x0000000088200000| Untracked 
|  85|0x0000000088300000, 0x0000000088300000, 0x0000000088400000|  0%| F|  |TAMS 0x0000000088300000, 0x0000000088300000| Untracked 
|  86|0x0000000088400000, 0x0000000088400000, 0x0000000088500000|  0%| F|  |TAMS 0x0000000088400000, 0x0000000088400000| Untracked 
|  87|0x0000000088500000, 0x00000000885ce428, 0x0000000088600000| 80%| E|  |TAMS 0x0000000088500000, 0x0000000088500000| Complete 
|  88|0x0000000088600000, 0x0000000088700000, 0x0000000088700000|100%| E|  |TAMS 0x0000000088600000, 0x0000000088600000| Complete 
|  89|0x0000000088700000, 0x0000000088800000, 0x0000000088800000|100%| E|CS|TAMS 0x0000000088700000, 0x0000000088700000| Complete 
|  90|0x0000000088800000, 0x0000000088900000, 0x0000000088900000|100%| E|CS|TAMS 0x0000000088800000, 0x0000000088800000| Complete 
|  91|0x0000000088900000, 0x0000000088a00000, 0x0000000088a00000|100%| E|CS|TAMS 0x0000000088900000, 0x0000000088900000| Complete 
|  92|0x0000000088a00000, 0x0000000088b00000, 0x0000000088b00000|100%| E|CS|TAMS 0x0000000088a00000, 0x0000000088a00000| Complete 
|  93|0x0000000088b00000, 0x0000000088c00000, 0x0000000088c00000|100%| E|CS|TAMS 0x0000000088b00000, 0x0000000088b00000| Complete 
|  94|0x0000000088c00000, 0x0000000088d00000, 0x0000000088d00000|100%| E|CS|TAMS 0x0000000088c00000, 0x0000000088c00000| Complete 
|  95|0x0000000088d00000, 0x0000000088e00000, 0x0000000088e00000|100%| E|CS|TAMS 0x0000000088d00000, 0x0000000088d00000| Complete 
|  96|0x0000000088e00000, 0x0000000088eee850, 0x0000000088f00000| 93%| S|CS|TAMS 0x0000000088e00000, 0x0000000088e00000| Complete 
|  97|0x0000000088f00000, 0x0000000089000000, 0x0000000089000000|100%| S|CS|TAMS 0x0000000088f00000, 0x0000000088f00000| Complete 
|  98|0x0000000089000000, 0x0000000089100000, 0x0000000089100000|100%| E|CS|TAMS 0x0000000089000000, 0x0000000089000000| Complete 
|  99|0x0000000089100000, 0x0000000089200000, 0x0000000089200000|100%| E|CS|TAMS 0x0000000089100000, 0x0000000089100000| Complete 
| 100|0x0000000089200000, 0x0000000089300000, 0x0000000089300000|100%| E|CS|TAMS 0x0000000089200000, 0x0000000089200000| Complete 
| 101|0x0000000089300000, 0x0000000089400000, 0x0000000089400000|100%| E|CS|TAMS 0x0000000089300000, 0x0000000089300000| Complete 
| 102|0x0000000089400000, 0x0000000089500000, 0x0000000089500000|100%| E|CS|TAMS 0x0000000089400000, 0x0000000089400000| Complete 
| 103|0x0000000089500000, 0x0000000089600000, 0x0000000089600000|100%| E|CS|TAMS 0x0000000089500000, 0x0000000089500000| Complete 
| 104|0x0000000089600000, 0x0000000089700000, 0x0000000089700000|100%| E|CS|TAMS 0x0000000089600000, 0x0000000089600000| Complete 
| 105|0x0000000089700000, 0x0000000089800000, 0x0000000089800000|100%| E|CS|TAMS 0x0000000089700000, 0x0000000089700000| Complete 
| 106|0x0000000089800000, 0x0000000089900000, 0x0000000089900000|100%| E|CS|TAMS 0x0000000089800000, 0x0000000089800000| Complete 
| 107|0x0000000089900000, 0x0000000089a00000, 0x0000000089a00000|100%| E|CS|TAMS 0x0000000089900000, 0x0000000089900000| Complete 
| 108|0x0000000089a00000, 0x0000000089b00000, 0x0000000089b00000|100%| E|CS|TAMS 0x0000000089a00000, 0x0000000089a00000| Complete 
| 109|0x0000000089b00000, 0x0000000089c00000, 0x0000000089c00000|100%| E|CS|TAMS 0x0000000089b00000, 0x0000000089b00000| Complete 
| 110|0x0000000089c00000, 0x0000000089d00000, 0x0000000089d00000|100%| E|CS|TAMS 0x0000000089c00000, 0x0000000089c00000| Complete 
| 111|0x0000000089d00000, 0x0000000089e00000, 0x0000000089e00000|100%| E|CS|TAMS 0x0000000089d00000, 0x0000000089d00000| Complete 
| 112|0x0000000089e00000, 0x0000000089f00000, 0x0000000089f00000|100%| E|CS|TAMS 0x0000000089e00000, 0x0000000089e00000| Complete 
| 113|0x0000000089f00000, 0x000000008a000000, 0x000000008a000000|100%| E|CS|TAMS 0x0000000089f00000, 0x0000000089f00000| Complete 
| 114|0x000000008a000000, 0x000000008a100000, 0x000000008a100000|100%| E|CS|TAMS 0x000000008a000000, 0x000000008a000000| Complete 
| 115|0x000000008a100000, 0x000000008a200000, 0x000000008a200000|100%| E|CS|TAMS 0x000000008a100000, 0x000000008a100000| Complete 
| 116|0x000000008a200000, 0x000000008a300000, 0x000000008a300000|100%| E|CS|TAMS 0x000000008a200000, 0x000000008a200000| Complete 
| 117|0x000000008a300000, 0x000000008a400000, 0x000000008a400000|100%| E|CS|TAMS 0x000000008a300000, 0x000000008a300000| Complete 
| 118|0x000000008a400000, 0x000000008a500000, 0x000000008a500000|100%| E|CS|TAMS 0x000000008a400000, 0x000000008a400000| Complete 
| 119|0x000000008a500000, 0x000000008a600000, 0x000000008a600000|100%| E|CS|TAMS 0x000000008a500000, 0x000000008a500000| Complete 
| 120|0x000000008a600000, 0x000000008a700000, 0x000000008a700000|100%| E|CS|TAMS 0x000000008a600000, 0x000000008a600000| Complete 
| 121|0x000000008a700000, 0x000000008a800000, 0x000000008a800000|100%| E|CS|TAMS 0x000000008a700000, 0x000000008a700000| Complete 
| 122|0x000000008a800000, 0x000000008a900000, 0x000000008a900000|100%| E|CS|TAMS 0x000000008a800000, 0x000000008a800000| Complete 
| 123|0x000000008a900000, 0x000000008aa00000, 0x000000008aa00000|100%| E|CS|TAMS 0x000000008a900000, 0x000000008a900000| Complete 
| 124|0x000000008aa00000, 0x000000008ab00000, 0x000000008ab00000|100%| E|CS|TAMS 0x000000008aa00000, 0x000000008aa00000| Complete 
| 125|0x000000008ab00000, 0x000000008ac00000, 0x000000008ac00000|100%| E|CS|TAMS 0x000000008ab00000, 0x000000008ab00000| Complete 

Card table byte_map: [0x0000025bca8e0000,0x0000025bcacd0000] _byte_map_base: 0x0000025bca4c9000

Marking Bits (Prev, Next): (CMBitMap*) 0x0000025bbfbcc250, (CMBitMap*) 0x0000025bbfbcc290
 Prev Bits: [0x0000025bcb0c0000, 0x0000025bcd008000)
 Next Bits: [0x0000025bcd010000, 0x0000025bcef58000)

Polling page: 0x0000025bbdb90000

Metaspace:

Usage:
  Non-class:     15.12 MB used.
      Class:      2.29 MB used.
       Both:     17.40 MB used.

Virtual space:
  Non-class space:       16.00 MB reserved,      15.25 MB ( 95%) committed,  2 nodes.
      Class space:        1.00 GB reserved,       2.44 MB ( <1%) committed,  1 nodes.
             Both:        1.02 GB reserved,      17.69 MB (  2%) committed. 

Chunk freelists:
   Non-Class:  112.00 KB
       Class:  1.48 MB
        Both:  1.59 MB

MaxMetaspaceSize: unlimited
CompressedClassSpaceSize: 1.00 GB
Initial GC threshold: 21.00 MB
Current GC threshold: 21.00 MB
CDS: on
MetaspaceReclaimPolicy: balanced
 - commit_granule_bytes: 65536.
 - commit_granule_words: 8192.
 - virtual_space_node_default_size: 1048576.
 - enlarge_chunks_in_place: 1.
 - new_chunks_are_fully_committed: 0.
 - uncommit_free_chunks: 1.
 - use_allocation_guard: 0.
 - handle_deallocations: 1.


Internal statistics:

num_allocs_failed_limit: 0.
num_arena_births: 280.
num_arena_deaths: 0.
num_vsnodes_births: 3.
num_vsnodes_deaths: 0.
num_space_committed: 283.
num_space_uncommitted: 0.
num_chunks_returned_to_freelist: 0.
num_chunks_taken_from_freelist: 797.
num_chunk_merges: 0.
num_chunk_splits: 543.
num_chunks_enlarged: 405.
num_purges: 0.
num_inconsistent_stats: 0.

CodeCache: size=49152Kb used=6469Kb max_used=6469Kb free=42682Kb
 bounds [0x0000025bc73e0000, 0x0000025bc7a40000, 0x0000025bca3e0000]
 total_blobs=2764 nmethods=2265 adapters=423
 compilation: enabled
              stopped_count=0, restarted_count=0
 full_count=0

Compilation events (20 events):
Event: 4.569 Thread 0x0000025bd19fd5d0 2257       1       java.io.ObjectInputStream$PeekInputStream::read (47 bytes)
Event: 4.569 Thread 0x0000025bd2f86d10 2256       1       java.io.ObjectInputStream$BlockDataInputStream::read (62 bytes)
Event: 4.570 Thread 0x0000025bd19fd5d0 nmethod 2257 0x0000025bc7a2d690 code [0x0000025bc7a2d840, 0x0000025bc7a2d9a8]
Event: 4.570 Thread 0x0000025bd19c2670 2258       1       java.io.ObjectInputStream$PeekInputStream::peek (49 bytes)
Event: 4.570 Thread 0x0000025bd2f86d10 nmethod 2256 0x0000025bc7a2da10 code [0x0000025bc7a2dbc0, 0x0000025bc7a2dd98]
Event: 4.570 Thread 0x0000025bd4100310 nmethod 2255 0x0000025bc7a2de90 code [0x0000025bc7a2e040, 0x0000025bc7a2e198]
Event: 4.570 Thread 0x0000025bd4100310 2259       1       java.io.ObjectInputStream$BlockDataInputStream::setBlockDataMode (74 bytes)
Event: 4.570 Thread 0x0000025bd19c2670 nmethod 2258 0x0000025bc7a2e290 code [0x0000025bc7a2e440, 0x0000025bc7a2e5a8]
Event: 4.571 Thread 0x0000025bd4100310 nmethod 2259 0x0000025bc7a2e610 code [0x0000025bc7a2e7c0, 0x0000025bc7a2e9c8]
Event: 4.574 Thread 0x0000025bd4100310 2260       1       sun.rmi.runtime.Log$LoggerLog::isLoggable (9 bytes)
Event: 4.574 Thread 0x0000025bd19c2670 2261       1       java.lang.ModuleLayer::boot (4 bytes)
Event: 4.574 Thread 0x0000025bd19fd5d0 2262       1       java.lang.Module::getName (5 bytes)
Event: 4.574 Thread 0x0000025bd4100310 nmethod 2260 0x0000025bc7a2ea90 code [0x0000025bc7a2ec20, 0x0000025bc7a2ed18]
Event: 4.574 Thread 0x0000025bd2f86d10 2263       1       sun.rmi.server.MarshalOutputStream::replaceObject (33 bytes)
Event: 4.574 Thread 0x0000025bd19c2670 nmethod 2261 0x0000025bc7a2ee10 code [0x0000025bc7a2efa0, 0x0000025bc7a2f058]
Event: 4.575 Thread 0x0000025bd19fd5d0 nmethod 2262 0x0000025bc7a2f110 code [0x0000025bc7a2f2a0, 0x0000025bc7a2f378]
Event: 4.575 Thread 0x0000025bd19fd5d0 2264       1       java.io.ObjectOutputStream::writeHandle (22 bytes)
Event: 4.575 Thread 0x0000025bd19c2670 2265       1       java.io.ObjectStreamClass::forClass (52 bytes)
Event: 4.575 Thread 0x0000025bd19fd5d0 nmethod 2264 0x0000025bc7a2f410 code [0x0000025bc7a2f5c0, 0x0000025bc7a2f738]
Event: 4.576 Thread 0x0000025bd2f86d10 nmethod 2263 0x0000025bc7a2f890 code [0x0000025bc7a2fa80, 0x0000025bc7a30008]

GC Heap History (4 events):
Event: 2.461 GC heap before
{Heap before GC invocations=0 (full 0):
 garbage-first heap   total 129024K, used 22528K [0x0000000082e00000, 0x0000000100000000)
  region size 1024K, 23 young (23552K), 0 survivors (0K)
 Metaspace       used 6550K, committed 6720K, reserved 1056768K
  class space    used 816K, committed 896K, reserved 1048576K
}
Event: 2.474 GC heap after
{Heap after GC invocations=1 (full 0):
 garbage-first heap   total 129024K, used 5274K [0x0000000082e00000, 0x0000000100000000)
  region size 1024K, 3 young (3072K), 3 survivors (3072K)
 Metaspace       used 6550K, committed 6720K, reserved 1056768K
  class space    used 816K, committed 896K, reserved 1048576K
}
Event: 3.700 GC heap before
{Heap before GC invocations=1 (full 0):
 garbage-first heap   total 129024K, used 29850K [0x0000000082e00000, 0x0000000100000000)
  region size 1024K, 28 young (28672K), 3 survivors (3072K)
 Metaspace       used 11107K, committed 11328K, reserved 1064960K
  class space    used 1499K, committed 1600K, reserved 1048576K
}
Event: 3.710 GC heap after
{Heap after GC invocations=2 (full 0):
 garbage-first heap   total 129024K, used 7429K [0x0000000082e00000, 0x0000000100000000)
  region size 1024K, 2 young (2048K), 2 survivors (2048K)
 Metaspace       used 11107K, committed 11328K, reserved 1064960K
  class space    used 1499K, committed 1600K, reserved 1048576K
}

Deoptimization events (20 events):
Event: 4.571 Thread 0x0000025bd2d89fb0 DEOPT PACKING pc=0x0000025bc7706e5c sp=0x00000061bd8fc710
Event: 4.571 Thread 0x0000025bd2d89fb0 DEOPT UNPACKING pc=0x0000025bc7432b43 sp=0x00000061bd8fbba8 mode 1
Event: 4.571 Thread 0x0000025bd2d89fb0 DEOPT PACKING pc=0x0000025bc770697c sp=0x00000061bd8fc7e0
Event: 4.571 Thread 0x0000025bd2d89fb0 DEOPT UNPACKING pc=0x0000025bc7432b43 sp=0x00000061bd8fbc98 mode 1
Event: 4.571 Thread 0x0000025bd2d89fb0 DEOPT PACKING pc=0x0000025bc76e08d4 sp=0x00000061bd8fd1c0
Event: 4.571 Thread 0x0000025bd2d89fb0 DEOPT UNPACKING pc=0x0000025bc7432b43 sp=0x00000061bd8fc6b0 mode 1
Event: 4.571 Thread 0x0000025bd2d89fb0 DEOPT PACKING pc=0x0000025bc770697c sp=0x00000061bd8fd330
Event: 4.571 Thread 0x0000025bd2d89fb0 DEOPT UNPACKING pc=0x0000025bc7432b43 sp=0x00000061bd8fc7e8 mode 1
Event: 4.571 Thread 0x0000025bd2d89fb0 DEOPT PACKING pc=0x0000025bc76e08d4 sp=0x00000061bd8fdd10
Event: 4.571 Thread 0x0000025bd2d89fb0 DEOPT UNPACKING pc=0x0000025bc7432b43 sp=0x00000061bd8fd200 mode 1
Event: 4.572 Thread 0x0000025bd416da40 DEOPT PACKING pc=0x0000025bc7706e5c sp=0x00000061bdbfd650
Event: 4.572 Thread 0x0000025bd416da40 DEOPT UNPACKING pc=0x0000025bc7432b43 sp=0x00000061bdbfcae8 mode 1
Event: 4.572 Thread 0x0000025bd416da40 DEOPT PACKING pc=0x0000025bc770697c sp=0x00000061bdbfd720
Event: 4.572 Thread 0x0000025bd416da40 DEOPT UNPACKING pc=0x0000025bc7432b43 sp=0x00000061bdbfcbd8 mode 1
Event: 4.572 Thread 0x0000025bd416da40 DEOPT PACKING pc=0x0000025bc76e08d4 sp=0x00000061bdbfe100
Event: 4.572 Thread 0x0000025bd416da40 DEOPT UNPACKING pc=0x0000025bc7432b43 sp=0x00000061bdbfd5f0 mode 1
Event: 4.572 Thread 0x0000025bd416da40 DEOPT PACKING pc=0x0000025bc770697c sp=0x00000061bdbfe270
Event: 4.572 Thread 0x0000025bd416da40 DEOPT UNPACKING pc=0x0000025bc7432b43 sp=0x00000061bdbfd728 mode 1
Event: 4.572 Thread 0x0000025bd416da40 DEOPT PACKING pc=0x0000025bc76e08d4 sp=0x00000061bdbfec50
Event: 4.572 Thread 0x0000025bd416da40 DEOPT UNPACKING pc=0x0000025bc7432b43 sp=0x00000061bdbfe140 mode 1

Classes unloaded (0 events):
No events

Classes redefined (0 events):
No events

Internal exceptions (20 events):
Event: 3.573 Thread 0x0000025bd2d89fb0 Exception <a 'java/lang/NoSuchMethodError'{0x0000000089112f68}: 'void java.lang.invoke.DirectMethodHandle$Holder.invokeStaticInit(java.lang.Object, java.lang.Object)'> (0x0000000089112f68) 
thrown [t:\workspace\open\src\hotspot\share\interpreter\linkResolver.cpp, line 766]
Event: 3.578 Thread 0x0000025bd2d89fb0 Exception <a 'java/lang/NoSuchMethodError'{0x00000000891211f0}: 'void java.lang.invoke.DirectMethodHandle$Holder.invokeStaticInit(java.lang.Object, java.lang.Object, java.lang.Object)'> (0x00000000891211f0) 
thrown [t:\workspace\open\src\hotspot\share\interpreter\linkResolver.cpp, line 766]
Event: 3.586 Thread 0x0000025bd2d89fb0 Exception <a 'java/lang/NoSuchMethodError'{0x00000000891380d0}: 'java.lang.Object java.lang.invoke.DirectMethodHandle$Holder.invokeStatic(java.lang.Object, java.lang.Object, long, java.lang.Object)'> (0x00000000891380d0) 
thrown [t:\workspace\open\src\hotspot\share\interpreter\linkResolver.cpp, line 766]
Event: 3.587 Thread 0x0000025bd2d89fb0 Exception <a 'java/lang/NoSuchMethodError'{0x000000008913bb68}: 'java.lang.Object java.lang.invoke.DirectMethodHandle$Holder.invokeStaticInit(java.lang.Object, java.lang.Object, long, java.lang.Object)'> (0x000000008913bb68) 
thrown [t:\workspace\open\src\hotspot\share\interpreter\linkResolver.cpp, line 766]
Event: 3.589 Thread 0x0000025bd2d89fb0 Exception <a 'java/lang/NoSuchMethodError'{0x00000000891420e8}: 'java.lang.Object java.lang.invoke.DirectMethodHandle$Holder.newInvokeSpecial(java.lang.Object, java.lang.Object, long)'> (0x00000000891420e8) 
thrown [t:\workspace\open\src\hotspot\share\interpreter\linkResolver.cpp, line 766]
Event: 3.613 Thread 0x0000025bd2d89fb0 Exception <a 'java/lang/NoSuchMethodError'{0x0000000089189b80}: 'void java.lang.invoke.DirectMethodHandle$Holder.invokeVirtual(java.lang.Object, java.lang.Object, java.lang.Object, java.lang.Object)'> (0x0000000089189b80) 
thrown [t:\workspace\open\src\hotspot\share\interpreter\linkResolver.cpp, line 766]
Event: 3.718 Thread 0x0000025bd2d89fb0 Exception <a 'java/lang/NoSuchMethodError'{0x000000008ab0d910}: 'void java.lang.invoke.DirectMethodHandle$Holder.invokeSpecial(java.lang.Object, java.lang.Object, java.lang.Object)'> (0x000000008ab0d910) 
thrown [t:\workspace\open\src\hotspot\share\interpreter\linkResolver.cpp, line 766]
Event: 3.720 Thread 0x0000025bd2d89fb0 Exception <a 'java/lang/NoSuchMethodError'{0x000000008ab13ee8}: 'void java.lang.invoke.DirectMethodHandle$Holder.invokeSpecial(java.lang.Object, java.lang.Object, java.lang.Object, java.lang.Object, java.lang.Object)'> (0x000000008ab13ee8) 
thrown [t:\workspace\open\src\hotspot\share\interpreter\linkResolver.cpp, line 766]
Event: 3.735 Thread 0x0000025bd2f05b20 Exception <a 'java/lang/NoClassDefFoundError'{0x000000008aa11638}: jakarta/validation/Validation> (0x000000008aa11638) 
thrown [t:\workspace\open\src\hotspot\share\classfile\systemDictionary.cpp, line 245]
Event: 3.737 Thread 0x0000025bd2d89fb0 Exception <a 'java/lang/IncompatibleClassChangeError'{0x000000008ab48080}: Found class java.lang.Object, but interface was expected> (0x000000008ab48080) 
thrown [t:\workspace\open\src\hotspot\share\interpreter\linkResolver.cpp, line 833]
Event: 4.059 Thread 0x0000025bd2df46c0 Exception <a 'java/lang/reflect/InvocationTargetException'{0x0000000089acde60}> (0x0000000089acde60) 
thrown [t:\workspace\open\src\hotspot\share\runtime\reflection.cpp, line 1121]
Event: 4.323 Thread 0x0000025bd2d89fb0 Exception <a 'java/lang/NoSuchMethodError'{0x0000000088bbd030}: 'int java.lang.invoke.DirectMethodHandle$Holder.invokeSpecial(java.lang.Object, java.lang.Object, java.lang.Object, java.lang.Object, java.lang.Object)'> (0x0000000088bbd030) 
thrown [t:\workspace\open\src\hotspot\share\interpreter\linkResolver.cpp, line 766]
Event: 4.329 Thread 0x0000025bd2d89fb0 Exception <a 'java/lang/NoSuchMethodError'{0x0000000088bc9da0}: 'void java.lang.invoke.DirectMethodHandle$Holder.invokeVirtual(java.lang.Object, java.lang.Object)'> (0x0000000088bc9da0) 
thrown [t:\workspace\open\src\hotspot\share\interpreter\linkResolver.cpp, line 766]
Event: 4.374 Thread 0x0000025bd2f05b20 Exception <a 'java/lang/NoSuchMethodError'{0x00000000889460c0}: 'long java.lang.invoke.DirectMethodHandle$Holder.invokeSpecial(java.lang.Object, java.lang.Object)'> (0x00000000889460c0) 
thrown [t:\workspace\open\src\hotspot\share\interpreter\linkResolver.cpp, line 766]
Event: 4.378 Thread 0x0000025bd2f05b20 Exception <a 'java/lang/NoSuchMethodError'{0x00000000889d1520}: 'long java.lang.invoke.DirectMethodHandle$Holder.invokeStatic(java.lang.Object, java.lang.Object)'> (0x00000000889d1520) 
thrown [t:\workspace\open\src\hotspot\share\interpreter\linkResolver.cpp, line 766]
Event: 4.379 Thread 0x0000025bd2f05b20 Exception <a 'java/lang/NoSuchMethodError'{0x00000000889d4b20}: 'long java.lang.invoke.DirectMethodHandle$Holder.invokeStaticInit(java.lang.Object, java.lang.Object)'> (0x00000000889d4b20) 
thrown [t:\workspace\open\src\hotspot\share\interpreter\linkResolver.cpp, line 766]
Event: 4.384 Thread 0x0000025bd2f05b20 Exception <a 'java/lang/NoSuchMethodError'{0x00000000889e26c8}: 'long java.lang.invoke.DirectMethodHandle$Holder.invokeInterface(java.lang.Object, java.lang.Object)'> (0x00000000889e26c8) 
thrown [t:\workspace\open\src\hotspot\share\interpreter\linkResolver.cpp, line 766]
Event: 4.385 Thread 0x0000025bd2f05b20 Exception <a 'java/lang/IncompatibleClassChangeError'{0x00000000889e5c58}: Found class java.lang.Object, but interface was expected> (0x00000000889e5c58) 
thrown [t:\workspace\open\src\hotspot\share\interpreter\linkResolver.cpp, line 833]
Event: 4.416 Thread 0x0000025bd2f05b20 Exception <a 'java/lang/NoSuchMethodError'{0x00000000888ea320}: 'java.lang.Object java.lang.invoke.DirectMethodHandle$Holder.invokeVirtual(java.lang.Object, java.lang.Object, java.lang.Object, java.lang.Object)'> (0x00000000888ea320) 
thrown [t:\workspace\open\src\hotspot\share\interpreter\linkResolver.cpp, line 766]
Event: 4.574 Thread 0x0000025bd2df46c0 Exception <a 'java/lang/reflect/InvocationTargetException'{0x0000000089adb330}> (0x0000000089adb330) 
thrown [t:\workspace\open\src\hotspot\share\runtime\reflection.cpp, line 1121]

VM Operations (20 events):
Event: 2.831 Executing VM operation: HandshakeAllThreads
Event: 2.831 Executing VM operation: HandshakeAllThreads done
Event: 2.970 Executing VM operation: HandshakeAllThreads
Event: 2.970 Executing VM operation: HandshakeAllThreads done
Event: 3.342 Executing VM operation: HandshakeAllThreads
Event: 3.342 Executing VM operation: HandshakeAllThreads done
Event: 3.507 Executing VM operation: ICBufferFull
Event: 3.508 Executing VM operation: ICBufferFull done
Event: 3.699 Executing VM operation: HandshakeAllThreads
Event: 3.699 Executing VM operation: HandshakeAllThreads done
Event: 3.699 Executing VM operation: G1CollectForAllocation
Event: 3.710 Executing VM operation: G1CollectForAllocation done
Event: 3.710 Executing VM operation: Cleanup
Event: 3.711 Executing VM operation: Cleanup done
Event: 4.181 Executing VM operation: HandshakeAllThreads
Event: 4.181 Executing VM operation: HandshakeAllThreads done
Event: 4.260 Executing VM operation: HandshakeAllThreads
Event: 4.261 Executing VM operation: HandshakeAllThreads done
Event: 4.290 Executing VM operation: HandshakeAllThreads
Event: 4.290 Executing VM operation: HandshakeAllThreads done

Events (20 events):
Event: 4.566 loading class jakarta/servlet/ServletRegistration
Event: 4.566 loading class jakarta/servlet/ServletRegistration done
Event: 4.566 Thread 0x0000025bd416fbf0 Thread added: 0x0000025bd416fbf0
Event: 4.566 loading class jakarta/servlet/Registration
Event: 4.566 loading class jakarta/servlet/Registration done
Event: 4.568 loading class org/springframework/batch/core/launch/JobLauncher
Event: 4.568 loading class org/springframework/batch/core/launch/JobLauncher done
Event: 4.569 loading class org/glassfish/jersey/server/spring/SpringComponentProvider
Event: 4.569 loading class org/glassfish/jersey/server/spring/SpringComponentProvider done
Event: 4.570 loading class org/springframework/cache/CacheManager
Event: 4.570 loading class org/springframework/cache/CacheManager done
Event: 4.571 loading class jakarta/jms/Message
Event: 4.571 loading class jakarta/jms/Message done
Event: 4.572 loading class com/datastax/oss/driver/api/core/CqlSession
Event: 4.572 loading class com/datastax/oss/driver/api/core/CqlSession done
Event: 4.573 loading class org/springframework/jmx/export/MBeanExporter
Event: 4.573 loading class org/springframework/jmx/export/MBeanExporter done
Event: 4.575 loading class org/springframework/jmx/export/MBeanExportOperations
Event: 4.575 loading class org/springframework/jmx/export/MBeanExportOperations done
Event: 4.577 Thread 0x0000025bd416fbf0 Thread exited: 0x0000025bd416fbf0


Dynamic libraries:
0x00007ff68fb80000 - 0x00007ff68fb90000 	C:\Program Files\Java\jdk-17.0.2\bin\java.exe
0x00007ffb79c30000 - 0x00007ffb79e28000 	C:\WINDOWS\SYSTEM32\ntdll.dll
0x00007ffb79ad0000 - 0x00007ffb79b8f000 	C:\WINDOWS\System32\KERNEL32.DLL
0x00007ffb773d0000 - 0x00007ffb776a2000 	C:\WINDOWS\System32\KERNELBASE.dll
0x00007ffb77b80000 - 0x00007ffb77c80000 	C:\WINDOWS\System32\ucrtbase.dll
0x00007ffb70540000 - 0x00007ffb7055a000 	C:\Program Files\Java\jdk-17.0.2\bin\VCRUNTIME140.dll
0x00007ffb72130000 - 0x00007ffb72148000 	C:\Program Files\Java\jdk-17.0.2\bin\jli.dll
0x00007ffb78940000 - 0x00007ffb789ee000 	C:\WINDOWS\System32\ADVAPI32.dll
0x00007ffb788a0000 - 0x00007ffb7893e000 	C:\WINDOWS\System32\msvcrt.dll
0x00007ffb77c80000 - 0x00007ffb77d1c000 	C:\WINDOWS\System32\sechost.dll
0x00007ffb78510000 - 0x00007ffb78635000 	C:\WINDOWS\System32\RPCRT4.dll
0x00007ffb79150000 - 0x00007ffb792ed000 	C:\WINDOWS\System32\USER32.dll
0x00007ffb65e00000 - 0x00007ffb6609a000 	C:\WINDOWS\WinSxS\amd64_microsoft.windows.common-controls_6595b64144ccf1df_6.0.19041.1110_none_60b5254171f9507e\COMCTL32.dll
0x00007ffb778e0000 - 0x00007ffb77902000 	C:\WINDOWS\System32\win32u.dll
0x00007ffb792f0000 - 0x00007ffb7931b000 	C:\WINDOWS\System32\GDI32.dll
0x00007ffb776b0000 - 0x00007ffb777bf000 	C:\WINDOWS\System32\gdi32full.dll
0x00007ffb77330000 - 0x00007ffb773cd000 	C:\WINDOWS\System32\msvcp_win.dll
0x00007ffb700c0000 - 0x00007ffb700ca000 	C:\WINDOWS\SYSTEM32\VERSION.dll
0x00007ffb78060000 - 0x00007ffb78092000 	C:\WINDOWS\System32\IMM32.DLL
0x00007ffb70530000 - 0x00007ffb7053c000 	C:\Program Files\Java\jdk-17.0.2\bin\vcruntime140_1.dll
0x00007ffb47100000 - 0x00007ffb4718d000 	C:\Program Files\Java\jdk-17.0.2\bin\msvcp140.dll
0x00007ffb21120000 - 0x00007ffb21ce1000 	C:\Program Files\Java\jdk-17.0.2\bin\server\jvm.dll
0x00007ffb79090000 - 0x00007ffb79098000 	C:\WINDOWS\System32\PSAPI.DLL
0x00007ffb67670000 - 0x00007ffb67679000 	C:\WINDOWS\SYSTEM32\WSOCK32.dll
0x00007ffb6d7b0000 - 0x00007ffb6d7d7000 	C:\WINDOWS\SYSTEM32\WINMM.dll
0x00007ffb78830000 - 0x00007ffb7889b000 	C:\WINDOWS\System32\WS2_32.dll
0x00007ffb751f0000 - 0x00007ffb75202000 	C:\WINDOWS\SYSTEM32\kernel.appcore.dll
0x00007ffb52ba0000 - 0x00007ffb52baa000 	C:\Program Files\Java\jdk-17.0.2\bin\jimage.dll
0x00007ffb6f650000 - 0x00007ffb6f834000 	C:\WINDOWS\SYSTEM32\DBGHELP.DLL
0x00007ffb66d80000 - 0x00007ffb66dac000 	C:\WINDOWS\SYSTEM32\dbgcore.DLL
0x00007ffb77ac0000 - 0x00007ffb77b42000 	C:\WINDOWS\System32\bcryptPrimitives.dll
0x00007ffb72de0000 - 0x00007ffb72e1b000 	C:\Program Files\Java\jdk-17.0.2\bin\jdwp.dll
0x00007ffb72fc0000 - 0x00007ffb72fce000 	C:\Program Files\Java\jdk-17.0.2\bin\instrument.dll
0x00007ffb4e7c0000 - 0x00007ffb4e7e5000 	C:\Program Files\Java\jdk-17.0.2\bin\java.dll
0x00007ffb4e0d0000 - 0x00007ffb4e0e8000 	C:\Program Files\Java\jdk-17.0.2\bin\zip.dll
0x00007ffb3f700000 - 0x00007ffb3f7d6000 	C:\Program Files\Java\jdk-17.0.2\bin\jsvml.dll
0x00007ffb79380000 - 0x00007ffb79ac3000 	C:\WINDOWS\System32\SHELL32.dll
0x00007ffb753f0000 - 0x00007ffb75b82000 	C:\WINDOWS\SYSTEM32\windows.storage.dll
0x00007ffb78d30000 - 0x00007ffb79084000 	C:\WINDOWS\System32\combase.dll
0x00007ffb76cb0000 - 0x00007ffb76ce0000 	C:\WINDOWS\SYSTEM32\Wldp.dll
0x00007ffb790a0000 - 0x00007ffb7914d000 	C:\WINDOWS\System32\SHCORE.dll
0x00007ffb77f30000 - 0x00007ffb77f85000 	C:\WINDOWS\System32\shlwapi.dll
0x00007ffb77270000 - 0x00007ffb7728f000 	C:\WINDOWS\SYSTEM32\profapi.dll
0x00007ffb72dd0000 - 0x00007ffb72ddc000 	C:\Program Files\Java\jdk-17.0.2\bin\dt_socket.dll
0x00007ffb76700000 - 0x00007ffb7673b000 	C:\WINDOWS\SYSTEM32\IPHLPAPI.DLL
0x00007ffb76a10000 - 0x00007ffb76a7a000 	C:\WINDOWS\system32\mswsock.dll
0x00007ffb4efc0000 - 0x00007ffb4efd9000 	C:\Program Files\Java\jdk-17.0.2\bin\net.dll
0x00007ffb6ac80000 - 0x00007ffb6ad8c000 	C:\WINDOWS\SYSTEM32\WINHTTP.dll
0x00007ffb4e960000 - 0x00007ffb4e976000 	C:\Program Files\Java\jdk-17.0.2\bin\nio.dll
0x00007ffb76740000 - 0x00007ffb7680a000 	C:\WINDOWS\SYSTEM32\DNSAPI.dll
0x00007ffb78c80000 - 0x00007ffb78c88000 	C:\WINDOWS\System32\NSI.dll
0x00007ffb6aaa0000 - 0x00007ffb6aaaa000 	C:\Windows\System32\rasadhlp.dll
0x00007ffb6aba0000 - 0x00007ffb6ac20000 	C:\WINDOWS\System32\fwpuclnt.dll
0x00007ffb77b50000 - 0x00007ffb77b77000 	C:\WINDOWS\System32\bcrypt.dll
0x00007ffb72160000 - 0x00007ffb72169000 	C:\Program Files\Java\jdk-17.0.2\bin\management.dll
0x00007ffb71e00000 - 0x00007ffb71e0b000 	C:\Program Files\Java\jdk-17.0.2\bin\management_ext.dll
0x00007ffb76c00000 - 0x00007ffb76c18000 	C:\WINDOWS\SYSTEM32\CRYPTSP.dll
0x00007ffb76330000 - 0x00007ffb76364000 	C:\WINDOWS\system32\rsaenh.dll
0x00007ffb771f0000 - 0x00007ffb7721e000 	C:\WINDOWS\SYSTEM32\USERENV.dll
0x00007ffb76c20000 - 0x00007ffb76c2c000 	C:\WINDOWS\SYSTEM32\CRYPTBASE.dll
0x00007ffb6f3a0000 - 0x00007ffb6f3b7000 	C:\WINDOWS\SYSTEM32\dhcpcsvc6.DLL
0x00007ffb6f630000 - 0x00007ffb6f64d000 	C:\WINDOWS\SYSTEM32\dhcpcsvc.DLL
0x00007ffb711d0000 - 0x00007ffb711e7000 	C:\WINDOWS\system32\napinsp.dll
0x00007ffb711b0000 - 0x00007ffb711cb000 	C:\WINDOWS\system32\pnrpnsp.dll
0x00007ffb4d600000 - 0x00007ffb4d615000 	C:\WINDOWS\system32\wshbth.dll
0x00007ffb72cb0000 - 0x00007ffb72ccd000 	C:\WINDOWS\system32\NLAapi.dll
0x00007ffb4d570000 - 0x00007ffb4d582000 	C:\WINDOWS\System32\winrnr.dll

dbghelp: loaded successfully - version: 4.0.5 - missing functions: none
symbol engine: initialized successfully - sym options: 0x614 - pdb path: .;C:\Program Files\Java\jdk-17.0.2\bin;C:\WINDOWS\SYSTEM32;C:\WINDOWS\WinSxS\amd64_microsoft.windows.common-controls_6595b64144ccf1df_6.0.19041.1110_none_60b5254171f9507e;C:\Program Files\Java\jdk-17.0.2\bin\server

VM Arguments:
jvm_args: -agentlib:jdwp=transport=dt_socket,address=127.0.0.1:50469,suspend=y,server=n -XX:TieredStopAtLevel=1 -Dspring.output.ansi.enabled=always -Dcom.sun.management.jmxremote -Dspring.jmx.enabled=true -Dspring.liveBeansView.mbeanDomain -Dspring.application.admin.enabled=true -javaagent:C:\Users\Настя\AppData\Local\JetBrains\IntelliJIdea2022.2\captureAgent\debugger-agent.jar -Dfile.encoding=UTF-8 
java_command: com.example.Web_Application_Spring.WebApplicationSpringApplication
java_class_path (initial): D:\tech-pract\Web_Application_Spring\target\classes;C:\Users\Настя\.m2\repository\org\springframework\boot\spring-boot-starter-web\3.0.0\spring-boot-starter-web-3.0.0.jar;C:\Users\Настя\.m2\repository\org\springframework\boot\spring-boot-starter\3.0.0\spring-boot-starter-3.0.0.jar;C:\Users\Настя\.m2\repository\org\springframework\boot\spring-boot-starter-logging\3.0.0\spring-boot-starter-logging-3.0.0.jar;C:\Users\Настя\.m2\repository\ch\qos\logback\logback-classic\1.4.5\logback-classic-1.4.5.jar;C:\Users\Настя\.m2\repository\ch\qos\logback\logback-core\1.4.5\logback-core-1.4.5.jar;C:\Users\Настя\.m2\repository\org\apache\logging\log4j\log4j-to-slf4j\2.19.0\log4j-to-slf4j-2.19.0.jar;C:\Users\Настя\.m2\repository\org\apache\logging\log4j\log4j-api\2.19.0\log4j-api-2.19.0.jar;C:\Users\Настя\.m2\repository\org\slf4j\jul-to-slf4j\2.0.4\jul-to-slf4j-2.0.4.jar;C:\Users\Настя\.m2\repository\jakarta\annotation\jakarta.annotation-api\2.1.1\jakarta.annotation-api-2.1.1.jar;C:\Users\Настя\.m2\repository\org\yaml\snakeyaml\1.33\snakeyaml-1.33.jar;C:\Users\Настя\.m2\repository\org\springframework\boot\spring-boot-starter-json\3.0.0\spring-boot-starter-json-3.0.0.jar;C:\Users\Настя\.m2\repository\com\fasterxml\jackson\core\jackson-databind\2.14.1\jackson-databind-2.14.1.jar;C:\Users\Настя\.m2\repository\com\fasterxml\jackson\core\jackson-annotations\2.14.1\jackson-annotations-2.14.1.jar;C:\Users\Настя\.m2\repository\com\fasterxml\jackson\core\jackson-core\2.14.1\jackson-core-2.14.1.jar;C:\Users\Настя\.m2\repository\com\fasterxml\jackson\datatype\jackson-datatype-jdk8\2.14.1\jackson-datatype-jdk8-2.14.1.jar;C:\Users\Настя\.m2\repository\com\fasterxml\jackson\datatype\jackson-datatype-jsr310\2.14.1\jackson-datatype-jsr310-2.14.1.jar;C:\Users\Настя\.m2\repository\com\fasterxml\jackson\module\jackson-module-parameter-names\2.14.1\jackson-module-parameter-names-2.14.1.jar;C:\Users\Настя\.m2\repository\org\springframework\boot\spring-boot-starter-tomcat\3.0
Launcher Type: SUN_STANDARD

[Global flags]
     intx CICompilerCount                          = 4                                         {product} {ergonomic}
     uint ConcGCThreads                            = 2                                         {product} {ergonomic}
     uint G1ConcRefinementThreads                  = 8                                         {product} {ergonomic}
   size_t G1HeapRegionSize                         = 1048576                                   {product} {ergonomic}
    uintx GCDrainStackTargetSize                   = 64                                        {product} {ergonomic}
   size_t InitialHeapSize                          = 132120576                                 {product} {ergonomic}
     bool ManagementServer                         = true                                      {product} {command line}
   size_t MarkStackSize                            = 4194304                                   {product} {ergonomic}
   size_t MaxHeapSize                              = 2099249152                                {product} {ergonomic}
   size_t MaxNewSize                               = 1259339776                                {product} {ergonomic}
   size_t MinHeapDeltaBytes                        = 1048576                                   {product} {ergonomic}
   size_t MinHeapSize                              = 8388608                                   {product} {ergonomic}
    uintx NonProfiledCodeHeapSize                  = 0                                      {pd product} {ergonomic}
     bool ProfileInterpreter                       = false                                  {pd product} {command line}
    uintx ProfiledCodeHeapSize                     = 0                                      {pd product} {ergonomic}
   size_t SoftMaxHeapSize                          = 2099249152                             {manageable} {ergonomic}
     intx TieredStopAtLevel                        = 1                                         {product} {command line}
     bool UseCompressedClassPointers               = true                           {product lp64_product} {ergonomic}
     bool UseCompressedOops                        = true                           {product lp64_product} {ergonomic}
     bool UseG1GC                                  = true                                      {product} {ergonomic}
     bool UseLargePagesIndividualAllocation        = false                                  {pd product} {ergonomic}

Logging:
Log output configuration:
 #0: stdout all=warning uptime,level,tags
 #1: stderr all=off uptime,level,tags

Environment Variables:
JAVA_HOME=C:\Program Files\Java\jdk-17.0.2
PATH=C:\Program Files\Common Files\Oracle\Java\javapath;C:\Program Files\Java\jdk-17.0.2\bin;C:\WINDOWS\system32;C:\WINDOWS;C:\WINDOWS\System32\Wbem;C:\WINDOWS\System32\WindowsPowerShell\v1.0\;C:\WINDOWS\System32\OpenSSH\;C:\Program Files (x86)\Common Files\Acronis\SnapAPI\;C:\MinGW\bin;D:\Rose\common;C:\Program Files\dotnet\;C:\Program Files\Microsoft SQL Server\130\Tools\Binn\;C:\Program Files\Microsoft SQL Server\Client SDK\ODBC\170\Tools\Binn\;D:\Git\cmd;C:\Program Files (x86)\Microsoft SQL Server\150\DTS\Binn\;C:\Program Files\Azure Data Studio\bin;C:\Program Files (x86)\Microsoft SQL Server\150\Tools\Binn\;C:\Program Files\Microsoft SQL Server\150\Tools\Binn\;C:\Program Files\Microsoft SQL Server\150\DTS\Binn\;C:\Program Files\nodejs\;C:\Users\Настя\AppData\Local\Programs\Python\Python39\Scripts\;C:\Users\Настя\AppData\Local\Programs\Python\Python39\;C:\Users\Настя\AppData\Local\Microsoft\WindowsApps;;D:\PyCharm\PyCharm Community Edition 2021.1.2\bin;;C:\Users\Настя\.dotnet\tools;C:\Users\Настя\AppData\Local\Programs\Microsoft VS Code\bin;C:\Program Files\Azure Data Studio\bin;C:\Users\Настя\AppData\Roaming\npm
USERNAME=Настя
OS=Windows_NT
PROCESSOR_IDENTIFIER=AMD64 Family 23 Model 24 Stepping 1, AuthenticAMD



---------------  S Y S T E M  ---------------

OS:
 Windows 10 , 64 bit Build 19041 (10.0.19041.2251)
OS uptime: 0 days 1:49 hours

CPU: total 8 (initial active 8) (8 cores per cpu, 2 threads per core) family 23 model 24 stepping 1 microcode 0x0, cx8, cmov, fxsr, ht, mmx, 3dnowpref, sse, sse2, sse3, ssse3, sse4a, sse4.1, sse4.2, popcnt, lzcnt, tsc, tscinvbit, avx, avx2, aes, clmul, bmi1, bmi2, adx, sha, fma, vzeroupper, clflush, clflushopt

Memory: 4k page, system-wide physical 8002M (1519M free)
TotalPageFile size 10050M (AvailPageFile size 8M)
current process WorkingSet (physical memory assigned to process): 112M, peak: 112M
current process commit charge ("private bytes"): 239M, peak: 239M

vm_info: Java HotSpot(TM) 64-Bit Server VM (17.0.2+8-LTS-86) for windows-amd64 JRE (17.0.2+8-LTS-86), built on Dec  7 2021 21:51:03 by "mach5one" with MS VC++ 16.8 / 16.9 (VS2019)

END.
