#
# There is insufficient memory for the Java Runtime Environment to continue.
# Native memory allocation (mmap) failed to map 134217728 bytes for G1 virtual space
# Possible reasons:
#   The system is out of physical RAM or swap space
#   The process is running with CompressedOops enabled, and the Java Heap may be blocking the growth of the native heap
# Possible solutions:
#   Reduce memory load on the system
#   Increase physical memory or swap space
#   Check if swap backing store is full
#   Decrease Java heap size (-Xmx/-Xms)
#   Decrease number of Java threads
#   Decrease Java thread stack sizes (-Xss)
#   Set larger code cache with -XX:ReservedCodeCacheSize=
#   JVM is running with Unscaled Compressed Oops mode in which the Java heap is
#     placed in the first 4GB address space. The Java Heap base address is the
#     maximum limit for the native heap growth. Please use -XX:HeapBaseMinAddress
#     to set the Java Heap base and to place the Java Heap above 4GB virtual address.
# This output file may be truncated or incomplete.
#
#  Out of Memory Error (os_windows.cpp:3760), pid=2588, tid=12292
#
# JRE version:  (17.0.5+7) (build )
# Java VM: OpenJDK 64-Bit Server VM (17.0.5+7-b469.71, mixed mode, sharing, tiered, compressed oops, compressed class ptrs, g1 gc, windows-amd64)
# No core dump will be written. Minidumps are not enabled by default on client versions of Windows
#

---------------  S U M M A R Y ------------

Command Line: -Dawt.toolkit=com.intellij.desktop.DesktopActionsToolkit -Djava.rmi.server.hostname=127.0.0.1 -Duser.timezone=UTC -Xmx750m -Xms128m --add-exports=java.desktop/sun.awt=ALL-UNNAMED --add-exports=java.desktop/java.awt.peer=ALL-UNNAMED --add-opens=java.desktop/java.awt=ALL-UNNAMED --add-opens=jdk.unsupported/sun.misc=ALL-UNNAMED --add-opens=java.base/java.nio=ALL-UNNAMED --add-opens=java.base/java.util=ALL-UNNAMED -Dfile.encoding=UTF-8 com.intellij.database.remote.RemoteJdbcServer org.postgresql.Driver

Host: AMD Ryzen 5 3550H with Radeon Vega Mobile Gfx  , 8 cores, 7G,  Windows 10 , 64 bit Build 19041 (10.0.19041.2251)
Time: Wed Dec  7 23:19:38 2022  Windows 10 , 64 bit Build 19041 (10.0.19041.2251) elapsed time: 0.021643 seconds (0d 0h 0m 0s)

---------------  T H R E A D  ---------------

Current thread (0x0000024adf74bd30):  JavaThread "Unknown thread" [_thread_in_vm, id=12292, stack(0x000000b7ae300000,0x000000b7ae400000)]

Stack: [0x000000b7ae300000,0x000000b7ae400000]
Native frames: (J=compiled Java code, j=interpreted, Vv=VM code, C=native code)
V  [jvm.dll+0x6830ca]
V  [jvm.dll+0x83f4c4]
V  [jvm.dll+0x840c6e]
V  [jvm.dll+0x8412d3]
V  [jvm.dll+0x2490b5]
V  [jvm.dll+0x67ff99]
V  [jvm.dll+0x6744aa]
V  [jvm.dll+0x308f2b]
V  [jvm.dll+0x3103e6]
V  [jvm.dll+0x36013e]
V  [jvm.dll+0x36036f]
V  [jvm.dll+0x2df018]
V  [jvm.dll+0x2dff84]
V  [jvm.dll+0x810d91]
V  [jvm.dll+0x36df31]
V  [jvm.dll+0x7f028c]
V  [jvm.dll+0x3f0cbf]
V  [jvm.dll+0x3f2801]
C  [jli.dll+0x526b]
C  [ucrtbase.dll+0x21bb2]
C  [KERNEL32.DLL+0x174b4]
C  [ntdll.dll+0x526a1]


---------------  P R O C E S S  ---------------

Threads class SMR info:
_java_thread_list=0x00007ffacfac8f98, length=0, elements={
}

Java Threads: ( => current thread )

Other Threads:
  0x0000024adf783900 GCTaskThread "GC Thread#0" [stack: 0x000000b7ae400000,0x000000b7ae500000] [id=11984]
  0x0000024adf78a510 ConcurrentGCThread "G1 Main Marker" [stack: 0x000000b7ae500000,0x000000b7ae600000] [id=6004]
  0x0000024adf78b5d0 ConcurrentGCThread "G1 Conc#0" [stack: 0x000000b7ae600000,0x000000b7ae700000] [id=7716]

[error occurred during error reporting (printing all threads), id 0xc0000005, EXCEPTION_ACCESS_VIOLATION (0xc0000005) at pc=0x00007ffacf27fbd7]

VM state: not at safepoint (not fully initialized)

VM Mutex/Monitor currently owned by a thread:  ([mutex/lock_event])
[0x0000024adf746580] Heap_lock - owner thread: 0x0000024adf74bd30

Heap address: 0x00000000d1200000, size: 750 MB, Compressed Oops mode: 32-bit

CDS archive(s) mapped at: [0x0000000000000000-0x0000000000000000-0x0000000000000000), size 0, SharedBaseAddress: 0x0000000800000000, ArchiveRelocationMode: 0.
Narrow klass base: 0x0000000000000000, Narrow klass shift: 0, Narrow klass range: 0x0

GC Precious Log:
<Empty>

Heap:
 garbage-first heap   total 0K, used 0K [0x00000000d1200000, 0x0000000100000000)
  region size 1024K, 0 young (0K), 0 survivors (0K)

[error occurred during error reporting (printing heap information), id 0xc0000005, EXCEPTION_ACCESS_VIOLATION (0xc0000005) at pc=0x00007ffacf66cd59]

GC Heap History (0 events):
No events

Dll operation events (1 events):
Event: 0.013 Loaded shared library D:\IntelliJ IDEA 2022.2.4\jbr\bin\java.dll

Deoptimization events (0 events):
No events

Classes unloaded (0 events):
No events

Classes redefined (0 events):
No events

Internal exceptions (0 events):
No events

VM Operations (0 events):
No events

Events (0 events):
No events


Dynamic libraries:
0x00007ff67d7c0000 - 0x00007ff67d7ca000 	D:\IntelliJ IDEA 2022.2.4\jbr\bin\java.exe
0x00007ffb120f0000 - 0x00007ffb122e8000 	C:\WINDOWS\SYSTEM32\ntdll.dll
0x00007ffb10b30000 - 0x00007ffb10bef000 	C:\WINDOWS\System32\KERNEL32.DLL
0x00007ffb0fde0000 - 0x00007ffb100b2000 	C:\WINDOWS\System32\KERNELBASE.dll
0x00007ffb0fa50000 - 0x00007ffb0fb50000 	C:\WINDOWS\System32\ucrtbase.dll
0x00007ffae5e10000 - 0x00007ffae5e27000 	D:\IntelliJ IDEA 2022.2.4\jbr\bin\jli.dll
0x00007ffb10bf0000 - 0x00007ffb10d8d000 	C:\WINDOWS\System32\USER32.dll
0x00007ffafed00000 - 0x00007ffafef9a000 	C:\WINDOWS\WinSxS\amd64_microsoft.windows.common-controls_6595b64144ccf1df_6.0.19041.1110_none_60b5254171f9507e\COMCTL32.dll
0x00007ffb11660000 - 0x00007ffb116fe000 	C:\WINDOWS\System32\msvcrt.dll
0x00007ffb102b0000 - 0x00007ffb102db000 	C:\WINDOWS\System32\GDI32.dll
0x00007ffb0fa20000 - 0x00007ffb0fa42000 	C:\WINDOWS\System32\win32u.dll
0x00007ffb0f7f0000 - 0x00007ffb0f8ff000 	C:\WINDOWS\System32\gdi32full.dll
0x00007ffb0fd40000 - 0x00007ffb0fddd000 	C:\WINDOWS\System32\msvcp_win.dll
0x00007ffae5890000 - 0x00007ffae58ab000 	D:\IntelliJ IDEA 2022.2.4\jbr\bin\VCRUNTIME140.dll
0x00007ffb11620000 - 0x00007ffb11652000 	C:\WINDOWS\System32\IMM32.DLL
0x00007ffb071a0000 - 0x00007ffb071ac000 	D:\IntelliJ IDEA 2022.2.4\jbr\bin\vcruntime140_1.dll
0x00007ffadd130000 - 0x00007ffadd1bd000 	D:\IntelliJ IDEA 2022.2.4\jbr\bin\msvcp140.dll
0x00007ffacef90000 - 0x00007ffacfbfb000 	D:\IntelliJ IDEA 2022.2.4\jbr\bin\server\jvm.dll
0x00007ffb10140000 - 0x00007ffb101ee000 	C:\WINDOWS\System32\ADVAPI32.dll
0x00007ffb10a80000 - 0x00007ffb10b1c000 	C:\WINDOWS\System32\sechost.dll
0x00007ffb10800000 - 0x00007ffb10925000 	C:\WINDOWS\System32\RPCRT4.dll
0x00007ffafffa0000 - 0x00007ffafffa9000 	C:\WINDOWS\SYSTEM32\WSOCK32.dll
0x00007ffb06a40000 - 0x00007ffb06a67000 	C:\WINDOWS\SYSTEM32\WINMM.dll
0x00007ffb08b70000 - 0x00007ffb08b7a000 	C:\WINDOWS\SYSTEM32\VERSION.dll
0x00007ffb11820000 - 0x00007ffb1188b000 	C:\WINDOWS\System32\WS2_32.dll
0x00007ffb0d5d0000 - 0x00007ffb0d5e2000 	C:\WINDOWS\SYSTEM32\kernel.appcore.dll
0x00007ffb0b2e0000 - 0x00007ffb0b2ea000 	D:\IntelliJ IDEA 2022.2.4\jbr\bin\jimage.dll
0x00007ffb072c0000 - 0x00007ffb074a4000 	C:\WINDOWS\SYSTEM32\DBGHELP.DLL
0x00007ffaffd90000 - 0x00007ffaffdbc000 	C:\WINDOWS\SYSTEM32\dbgcore.DLL
0x00007ffb0fcb0000 - 0x00007ffb0fd32000 	C:\WINDOWS\System32\bcryptPrimitives.dll
0x00007ffb0b260000 - 0x00007ffb0b285000 	D:\IntelliJ IDEA 2022.2.4\jbr\bin\java.dll

dbghelp: loaded successfully - version: 4.0.5 - missing functions: none
symbol engine: initialized successfully - sym options: 0x614 - pdb path: .;D:\IntelliJ IDEA 2022.2.4\jbr\bin;C:\WINDOWS\SYSTEM32;C:\WINDOWS\WinSxS\amd64_microsoft.windows.common-controls_6595b64144ccf1df_6.0.19041.1110_none_60b5254171f9507e;D:\IntelliJ IDEA 2022.2.4\jbr\bin\server

VM Arguments:
jvm_args: -Dawt.toolkit=com.intellij.desktop.DesktopActionsToolkit -Djava.rmi.server.hostname=127.0.0.1 -Duser.timezone=UTC -Xmx750m -Xms128m --add-exports=java.desktop/sun.awt=ALL-UNNAMED --add-exports=java.desktop/java.awt.peer=ALL-UNNAMED --add-opens=java.desktop/java.awt=ALL-UNNAMED --add-opens=jdk.unsupported/sun.misc=ALL-UNNAMED --add-opens=java.base/java.nio=ALL-UNNAMED --add-opens=java.base/java.util=ALL-UNNAMED -Dfile.encoding=UTF-8 
java_command: com.intellij.database.remote.RemoteJdbcServer org.postgresql.Driver
java_class_path (initial): D:\IntelliJ IDEA 2022.2.4\lib\util_rt.jar;D:\IntelliJ IDEA 2022.2.4\lib\util.jar;D:\IntelliJ IDEA 2022.2.4\lib\groovy.jar;D:\IntelliJ IDEA 2022.2.4\plugins\DatabaseTools\lib\jdbc-console.jar;C:\Users\Настя\AppData\Roaming\JetBrains\IntelliJIdea2022.2\jdbc-drivers\PostgreSQL\42.5.0\org\postgresql\postgresql\42.5.0\postgresql-42.5.0.jar;C:\Users\Настя\AppData\Roaming\JetBrains\IntelliJIdea2022.2\jdbc-drivers\PostgreSQL\42.5.0\org\checkerframework\checker-qual\3.5.0\checker-qual-3.5.0.jar;C:\Users\Настя\AppData\Roaming\JetBrains\IntelliJIdea2022.2\jdbc-drivers\PostgreSQL\42.5.0\net\java\dev\jna\jna-platform\4.5.1\jna-platform-4.5.1.jar;C:\Users\Настя\AppData\Roaming\JetBrains\IntelliJIdea2022.2\jdbc-drivers\PostgreSQL\42.5.0\net\java\dev\jna\jna\4.5.1\jna-4.5.1.jar;C:\Users\Настя\AppData\Roaming\JetBrains\IntelliJIdea2022.2\jdbc-drivers\PostgreSQL\42.5.0\com\github\waffle\waffle-jna\1.9.1\waffle-jna-1.9.1.jar;C:\Users\Настя\AppData\Roaming\JetBrains\IntelliJIdea2022.2\jdbc-drivers\PostgreSQL\42.5.0\org\slf4j\jcl-over-slf4j\1.7.25\jcl-over-slf4j-1.7.25.jar;C:\Users\Настя\AppData\Roaming\JetBrains\IntelliJIdea2022.2\jdbc-drivers\PostgreSQL\42.5.0\org\slf4j\slf4j-api\1.7.25\slf4j-api-1.7.25.jar;C:\Users\Настя\AppData\Roaming\JetBrains\IntelliJIdea2022.2\jdbc-drivers\PostgreSQL\42.5.0\com\github\ben-manes\caffeine\caffeine\2.6.2\caffeine-2.6.2.jar
Launcher Type: SUN_STANDARD

[Global flags]
     intx CICompilerCount                          = 4                                         {product} {ergonomic}
     uint ConcGCThreads                            = 2                                         {product} {ergonomic}
     uint G1ConcRefinementThreads                  = 8                                         {product} {ergonomic}
   size_t G1HeapRegionSize                         = 1048576                                   {product} {ergonomic}
    uintx GCDrainStackTargetSize                   = 64                                        {product} {ergonomic}
   size_t InitialHeapSize                          = 134217728                                 {product} {command line}
   size_t MarkStackSize                            = 4194304                                   {product} {ergonomic}
   size_t MaxHeapSize                              = 786432000                                 {product} {command line}
   size_t MinHeapDeltaBytes                        = 1048576                                   {product} {ergonomic}
   size_t MinHeapSize                              = 134217728                                 {product} {command line}
    uintx NonNMethodCodeHeapSize                   = 5839372                                {pd product} {ergonomic}
    uintx NonProfiledCodeHeapSize                  = 122909434                              {pd product} {ergonomic}
    uintx ProfiledCodeHeapSize                     = 122909434                              {pd product} {ergonomic}
    uintx ReservedCodeCacheSize                    = 251658240                              {pd product} {ergonomic}
     bool SegmentedCodeCache                       = true                                      {product} {ergonomic}
   size_t SoftMaxHeapSize                          = 786432000                              {manageable} {ergonomic}
     bool UseCompressedClassPointers               = true                           {product lp64_product} {ergonomic}
     bool UseCompressedOops                        = true                           {product lp64_product} {ergonomic}
     bool UseG1GC                                  = true                                      {product} {ergonomic}
     bool UseLargePagesIndividualAllocation        = false                                  {pd product} {ergonomic}

Logging:
Log output configuration:
 #0: stdout all=warning uptime,level,tags
 #1: stderr all=off uptime,level,tags

Environment Variables:
JAVA_HOME=C:\Program Files\Java\jdk-17.0.2
PATH=C:\Program Files\Common Files\Oracle\Java\javapath;C:\Program Files\Java\jdk-17.0.2\bin;C:\WINDOWS\system32;C:\WINDOWS;C:\WINDOWS\System32\Wbem;C:\WINDOWS\System32\WindowsPowerShell\v1.0\;C:\WINDOWS\System32\OpenSSH\;C:\Program Files (x86)\Common Files\Acronis\SnapAPI\;C:\MinGW\bin;D:\Rose\common;C:\Program Files\dotnet\;C:\Program Files\Microsoft SQL Server\130\Tools\Binn\;C:\Program Files\Microsoft SQL Server\Client SDK\ODBC\170\Tools\Binn\;D:\Git\cmd;C:\Program Files (x86)\Microsoft SQL Server\150\DTS\Binn\;C:\Program Files\Azure Data Studio\bin;C:\Program Files (x86)\Microsoft SQL Server\150\Tools\Binn\;C:\Program Files\Microsoft SQL Server\150\Tools\Binn\;C:\Program Files\Microsoft SQL Server\150\DTS\Binn\;C:\Program Files\nodejs\;C:\Users\Настя\AppData\Local\Programs\Python\Python39\Scripts\;C:\Users\Настя\AppData\Local\Programs\Python\Python39\;C:\Users\Настя\AppData\Local\Microsoft\WindowsApps;;D:\PyCharm\PyCharm Community Edition 2021.1.2\bin;;C:\Users\Настя\.dotnet\tools;C:\Users\Настя\AppData\Local\Programs\Microsoft VS Code\bin;C:\Program Files\Azure Data Studio\bin;C:\Users\Настя\AppData\Roaming\npm
USERNAME=Настя
OS=Windows_NT
PROCESSOR_IDENTIFIER=AMD64 Family 23 Model 24 Stepping 1, AuthenticAMD
TMP=C:\Users\5B3B~1\AppData\Local\Temp
TEMP=C:\Users\5B3B~1\AppData\Local\Temp



---------------  S Y S T E M  ---------------

OS:
 Windows 10 , 64 bit Build 19041 (10.0.19041.2251)
OS uptime: 0 days 0:39 hours

CPU: total 8 (initial active 8) (8 cores per cpu, 2 threads per core) family 23 model 24 stepping 1 microcode 0x0, cx8, cmov, fxsr, ht, mmx, 3dnowpref, sse, sse2, sse3, ssse3, sse4a, sse4.1, sse4.2, popcnt, lzcnt, tsc, tscinvbit, avx, avx2, aes, clmul, bmi1, bmi2, adx, sha, fma, vzeroupper, clflush, clflushopt

Memory: 4k page, system-wide physical 8002M (979M free)
TotalPageFile size 10050M (AvailPageFile size 29M)
current process WorkingSet (physical memory assigned to process): 10M, peak: 10M
current process commit charge ("private bytes"): 59M, peak: 187M

vm_info: OpenJDK 64-Bit Server VM (17.0.5+7-b469.71) for windows-amd64 JRE (17.0.5+7-b469.71), built on 2022-11-10 by "builduser" with MS VC++ 16.10 / 16.11 (VS2019)

END.
